2024-12-14 04:40:39.628 [info] [main] Log level: Info
2024-12-14 04:40:39.628 [info] [main] Validating found git in: "git"
2024-12-14 04:40:39.628 [info] [main] Using git "2.34.1" from "git"
2024-12-14 04:40:39.628 [info] [Model][doInitialScan] Initial repository scan started
2024-12-14 04:40:39.628 [info] > git rev-parse --show-toplevel [9ms]
2024-12-14 04:40:39.628 [info] fatal: not a git repository (or any of the parent directories): .git
2024-12-14 04:40:39.628 [info] > git rev-parse --show-toplevel [1ms]
2024-12-14 04:40:39.628 [info] fatal: not a git repository (or any of the parent directories): .git
2024-12-14 04:40:39.628 [info] > git rev-parse --show-toplevel [1ms]
2024-12-14 04:40:39.628 [info] fatal: not a git repository (or any of the parent directories): .git
2024-12-14 04:40:39.628 [info] > git rev-parse --show-toplevel [2ms]
2024-12-14 04:40:39.628 [info] fatal: not a git repository (or any of the parent directories): .git
2024-12-14 04:40:39.628 [info] [Model][doInitialScan] Initial repository scan completed - repositories (0), closed repositories (0), parent repositories (0), unsafe repositories (0)
2024-12-14 04:53:11.370 [info] > git rev-parse --show-toplevel [2ms]
2024-12-14 04:53:11.374 [info] > git rev-parse --git-dir --git-common-dir [1ms]
2024-12-14 04:53:11.387 [info] [Model][openRepository] Opened repository: /home/ubuntu
2024-12-14 04:53:11.395 [info] [Git][getRemotes] No remotes found in the git config file
2024-12-14 04:53:11.396 [info] > git config --get commit.template [5ms]
2024-12-14 04:53:11.397 [info] > git for-each-ref --format=%(refname)%00%(upstream:short)%00%(objectname)%00%(upstream:track)%00%(upstream:remotename)%00%(upstream:remoteref) refs/heads/master refs/remotes/master [3ms]
2024-12-14 04:53:11.397 [warning] [Git][getBranch] No such branch: master
2024-12-14 04:53:11.404 [info] > git for-each-ref --sort -committerdate --format %(refname) %(objectname) %(*objectname) [0ms]
2024-12-14 04:53:11.417 [info] > git status -z -uall [17ms]
2024-12-14 04:53:11.463 [info] > git for-each-ref --format=%(refname)%00%(upstream:short)%00%(objectname)%00%(upstream:track)%00%(upstream:remotename)%00%(upstream:remoteref) refs/heads/master refs/remotes/master [4ms]
2024-12-14 04:53:11.463 [warning] [Git][getBranch] No such branch: master
2024-12-14 04:53:11.464 [error] [GitHistoryProvider][resolveHEADMergeBase] Failed to resolve merge base for master: Error: No such branch: master.
2024-12-14 04:53:11.468 [info] > git config --get commit.template [0ms]
2024-12-14 04:53:11.470 [info] [Git][getRemotes] No remotes found in the git config file
2024-12-14 04:53:11.471 [info] > git for-each-ref --format=%(refname)%00%(upstream:short)%00%(objectname)%00%(upstream:track)%00%(upstream:remotename)%00%(upstream:remoteref) refs/heads/master refs/remotes/master [0ms]
2024-12-14 04:53:11.471 [warning] [Git][getBranch] No such branch: master
2024-12-14 04:53:11.476 [info] > git for-each-ref --sort -committerdate --format %(refname) %(objectname) %(*objectname) [0ms]
2024-12-14 04:53:11.729 [info] > git status -z -uall [256ms]
2024-12-14 04:53:12.189 [info] > git check-ignore -v -z --stdin [2ms]
2024-12-14 04:53:14.911 [info] > git config --get commit.template [1ms]
2024-12-14 04:53:14.913 [info] [Git][getRemotes] No remotes found in the git config file
2024-12-14 04:53:14.917 [info] > git for-each-ref --format=%(refname)%00%(upstream:short)%00%(objectname)%00%(upstream:track)%00%(upstream:remotename)%00%(upstream:remoteref) refs/heads/master refs/remotes/master [1ms]
2024-12-14 04:53:14.917 [warning] [Git][getBranch] No such branch: master
2024-12-14 04:53:14.925 [info] > git for-each-ref --sort -committerdate --format %(refname) %(objectname) %(*objectname) [1ms]
2024-12-14 04:53:14.933 [info] > git status -z -uall [13ms]
2024-12-14 04:53:19.953 [info] > git config --get commit.template [0ms]
2024-12-14 04:53:19.956 [info] [Git][getRemotes] No remotes found in the git config file
2024-12-14 04:53:19.956 [info] > git for-each-ref --format=%(refname)%00%(upstream:short)%00%(objectname)%00%(upstream:track)%00%(upstream:remotename)%00%(upstream:remoteref) refs/heads/master refs/remotes/master [1ms]
2024-12-14 04:53:19.956 [warning] [Git][getBranch] No such branch: master
2024-12-14 04:53:19.963 [info] > git for-each-ref --sort -committerdate --format %(refname) %(objectname) %(*objectname) [1ms]
2024-12-14 04:53:19.970 [info] > git status -z -uall [11ms]
2024-12-14 04:53:24.991 [info] [Git][getRemotes] No remotes found in the git config file
2024-12-14 04:53:24.992 [info] > git config --get commit.template [3ms]
2024-12-14 04:53:24.993 [info] > git for-each-ref --format=%(refname)%00%(upstream:short)%00%(objectname)%00%(upstream:track)%00%(upstream:remotename)%00%(upstream:remoteref) refs/heads/master refs/remotes/master [2ms]
2024-12-14 04:53:24.994 [warning] [Git][getBranch] No such branch: master
2024-12-14 04:53:24.999 [info] > git for-each-ref --sort -committerdate --format %(refname) %(objectname) %(*objectname) [0ms]
2024-12-14 04:53:25.007 [info] > git status -z -uall [11ms]
2024-12-14 04:53:30.029 [info] [Git][getRemotes] No remotes found in the git config file
2024-12-14 04:53:30.030 [info] > git config --get commit.template [3ms]
2024-12-14 04:53:30.030 [info] > git for-each-ref --format=%(refname)%00%(upstream:short)%00%(objectname)%00%(upstream:track)%00%(upstream:remotename)%00%(upstream:remoteref) refs/heads/master refs/remotes/master [1ms]
2024-12-14 04:53:30.030 [warning] [Git][getBranch] No such branch: master
2024-12-14 04:53:30.037 [info] > git for-each-ref --sort -committerdate --format %(refname) %(objectname) %(*objectname) [1ms]
2024-12-14 04:53:30.044 [info] > git status -z -uall [11ms]
2024-12-14 04:53:35.061 [info] > git config --get commit.template [1ms]
2024-12-14 04:53:35.064 [info] [Git][getRemotes] No remotes found in the git config file
2024-12-14 04:53:35.064 [info] > git for-each-ref --format=%(refname)%00%(upstream:short)%00%(objectname)%00%(upstream:track)%00%(upstream:remotename)%00%(upstream:remoteref) refs/heads/master refs/remotes/master [0ms]
2024-12-14 04:53:35.064 [warning] [Git][getBranch] No such branch: master
2024-12-14 04:53:35.069 [info] > git for-each-ref --sort -committerdate --format %(refname) %(objectname) %(*objectname) [0ms]
2024-12-14 04:53:35.078 [info] > git status -z -uall [12ms]
2024-12-14 04:53:40.099 [info] [Git][getRemotes] No remotes found in the git config file
2024-12-14 04:53:40.099 [info] > git config --get commit.template [4ms]
2024-12-14 04:53:40.099 [info] > git for-each-ref --format=%(refname)%00%(upstream:short)%00%(objectname)%00%(upstream:track)%00%(upstream:remotename)%00%(upstream:remoteref) refs/heads/master refs/remotes/master [0ms]
2024-12-14 04:53:40.099 [warning] [Git][getBranch] No such branch: master
2024-12-14 04:53:40.106 [info] > git for-each-ref --sort -committerdate --format %(refname) %(objectname) %(*objectname) [0ms]
2024-12-14 04:53:40.114 [info] > git status -z -uall [12ms]
2024-12-14 04:53:45.131 [info] > git config --get commit.template [1ms]
2024-12-14 04:53:45.133 [info] [Git][getRemotes] No remotes found in the git config file
2024-12-14 04:53:45.134 [info] > git for-each-ref --format=%(refname)%00%(upstream:short)%00%(objectname)%00%(upstream:track)%00%(upstream:remotename)%00%(upstream:remoteref) refs/heads/master refs/remotes/master [1ms]
2024-12-14 04:53:45.134 [warning] [Git][getBranch] No such branch: master
2024-12-14 04:53:45.140 [info] > git for-each-ref --sort -committerdate --format %(refname) %(objectname) %(*objectname) [0ms]
2024-12-14 04:53:45.148 [info] > git status -z -uall [11ms]
2024-12-14 04:53:50.167 [info] [Git][getRemotes] No remotes found in the git config file
2024-12-14 04:53:50.167 [info] > git config --get commit.template [3ms]
2024-12-14 04:53:50.168 [info] > git for-each-ref --format=%(refname)%00%(upstream:short)%00%(objectname)%00%(upstream:track)%00%(upstream:remotename)%00%(upstream:remoteref) refs/heads/master refs/remotes/master [1ms]
2024-12-14 04:53:50.168 [warning] [Git][getBranch] No such branch: master
2024-12-14 04:53:50.173 [info] > git for-each-ref --sort -committerdate --format %(refname) %(objectname) %(*objectname) [0ms]
2024-12-14 04:53:50.181 [info] > git status -z -uall [10ms]
2024-12-14 04:53:55.200 [info] [Git][getRemotes] No remotes found in the git config file
2024-12-14 04:53:55.201 [info] > git config --get commit.template [3ms]
2024-12-14 04:53:55.201 [info] > git for-each-ref --format=%(refname)%00%(upstream:short)%00%(objectname)%00%(upstream:track)%00%(upstream:remotename)%00%(upstream:remoteref) refs/heads/master refs/remotes/master [1ms]
2024-12-14 04:53:55.201 [warning] [Git][getBranch] No such branch: master
2024-12-14 04:53:55.207 [info] > git for-each-ref --sort -committerdate --format %(refname) %(objectname) %(*objectname) [0ms]
2024-12-14 04:53:55.215 [info] > git status -z -uall [10ms]
2024-12-14 04:54:00.234 [info] [Git][getRemotes] No remotes found in the git config file
2024-12-14 04:54:00.235 [info] > git config --get commit.template [3ms]
2024-12-14 04:54:00.235 [info] > git for-each-ref --format=%(refname)%00%(upstream:short)%00%(objectname)%00%(upstream:track)%00%(upstream:remotename)%00%(upstream:remoteref) refs/heads/master refs/remotes/master [1ms]
2024-12-14 04:54:00.235 [warning] [Git][getBranch] No such branch: master
2024-12-14 04:54:00.241 [info] > git for-each-ref --sort -committerdate --format %(refname) %(objectname) %(*objectname) [1ms]
2024-12-14 04:54:00.248 [info] > git status -z -uall [11ms]
2024-12-14 04:54:05.268 [info] [Git][getRemotes] No remotes found in the git config file
2024-12-14 04:54:05.268 [info] > git config --get commit.template [4ms]
2024-12-14 04:54:05.269 [info] > git for-each-ref --format=%(refname)%00%(upstream:short)%00%(objectname)%00%(upstream:track)%00%(upstream:remotename)%00%(upstream:remoteref) refs/heads/master refs/remotes/master [1ms]
2024-12-14 04:54:05.269 [warning] [Git][getBranch] No such branch: master
2024-12-14 04:54:05.278 [info] > git for-each-ref --sort -committerdate --format %(refname) %(objectname) %(*objectname) [2ms]
2024-12-14 04:54:05.286 [info] > git status -z -uall [14ms]
2024-12-14 04:54:10.306 [info] > git config --get commit.template [1ms]
2024-12-14 04:54:10.308 [info] [Git][getRemotes] No remotes found in the git config file
2024-12-14 04:54:10.309 [info] > git for-each-ref --format=%(refname)%00%(upstream:short)%00%(objectname)%00%(upstream:track)%00%(upstream:remotename)%00%(upstream:remoteref) refs/heads/master refs/remotes/master [1ms]
2024-12-14 04:54:10.309 [warning] [Git][getBranch] No such branch: master
2024-12-14 04:54:10.315 [info] > git for-each-ref --sort -committerdate --format %(refname) %(objectname) %(*objectname) [1ms]
2024-12-14 04:54:10.323 [info] > git status -z -uall [12ms]
2024-12-14 04:54:15.342 [info] [Git][getRemotes] No remotes found in the git config file
2024-12-14 04:54:15.342 [info] > git config --get commit.template [3ms]
2024-12-14 04:54:15.343 [info] > git for-each-ref --format=%(refname)%00%(upstream:short)%00%(objectname)%00%(upstream:track)%00%(upstream:remotename)%00%(upstream:remoteref) refs/heads/master refs/remotes/master [1ms]
2024-12-14 04:54:15.343 [warning] [Git][getBranch] No such branch: master
2024-12-14 04:54:15.349 [info] > git for-each-ref --sort -committerdate --format %(refname) %(objectname) %(*objectname) [0ms]
2024-12-14 04:54:15.357 [info] > git status -z -uall [11ms]
2024-12-14 04:54:20.377 [info] [Git][getRemotes] No remotes found in the git config file
2024-12-14 04:54:20.377 [info] > git config --get commit.template [2ms]
2024-12-14 04:54:20.378 [info] > git for-each-ref --format=%(refname)%00%(upstream:short)%00%(objectname)%00%(upstream:track)%00%(upstream:remotename)%00%(upstream:remoteref) refs/heads/master refs/remotes/master [1ms]
2024-12-14 04:54:20.378 [warning] [Git][getBranch] No such branch: master
2024-12-14 04:54:20.384 [info] > git for-each-ref --sort -committerdate --format %(refname) %(objectname) %(*objectname) [1ms]
2024-12-14 04:54:20.391 [info] > git status -z -uall [11ms]
2024-12-14 04:54:25.412 [info] [Git][getRemotes] No remotes found in the git config file
2024-12-14 04:54:25.412 [info] > git config --get commit.template [3ms]
2024-12-14 04:54:25.412 [info] > git for-each-ref --format=%(refname)%00%(upstream:short)%00%(objectname)%00%(upstream:track)%00%(upstream:remotename)%00%(upstream:remoteref) refs/heads/master refs/remotes/master [0ms]
2024-12-14 04:54:25.412 [warning] [Git][getBranch] No such branch: master
2024-12-14 04:54:25.417 [info] > git for-each-ref --sort -committerdate --format %(refname) %(objectname) %(*objectname) [0ms]
2024-12-14 04:54:25.425 [info] > git status -z -uall [11ms]
2024-12-14 04:54:30.445 [info] [Git][getRemotes] No remotes found in the git config file
2024-12-14 04:54:30.445 [info] > git config --get commit.template [4ms]
2024-12-14 04:54:30.446 [info] > git for-each-ref --format=%(refname)%00%(upstream:short)%00%(objectname)%00%(upstream:track)%00%(upstream:remotename)%00%(upstream:remoteref) refs/heads/master refs/remotes/master [2ms]
2024-12-14 04:54:30.446 [warning] [Git][getBranch] No such branch: master
2024-12-14 04:54:30.453 [info] > git for-each-ref --sort -committerdate --format %(refname) %(objectname) %(*objectname) [1ms]
2024-12-14 04:54:30.460 [info] > git status -z -uall [12ms]
2024-12-14 04:54:35.480 [info] [Git][getRemotes] No remotes found in the git config file
2024-12-14 04:54:35.481 [info] > git config --get commit.template [2ms]
2024-12-14 04:54:35.482 [info] > git for-each-ref --format=%(refname)%00%(upstream:short)%00%(objectname)%00%(upstream:track)%00%(upstream:remotename)%00%(upstream:remoteref) refs/heads/master refs/remotes/master [2ms]
2024-12-14 04:54:35.482 [warning] [Git][getBranch] No such branch: master
2024-12-14 04:54:35.488 [info] > git for-each-ref --sort -committerdate --format %(refname) %(objectname) %(*objectname) [1ms]
2024-12-14 04:54:35.495 [info] > git status -z -uall [11ms]
2024-12-14 04:54:40.513 [info] [Git][getRemotes] No remotes found in the git config file
2024-12-14 04:54:40.513 [info] > git config --get commit.template [2ms]
2024-12-14 04:54:40.514 [info] > git for-each-ref --format=%(refname)%00%(upstream:short)%00%(objectname)%00%(upstream:track)%00%(upstream:remotename)%00%(upstream:remoteref) refs/heads/master refs/remotes/master [1ms]
2024-12-14 04:54:40.514 [warning] [Git][getBranch] No such branch: master
2024-12-14 04:54:40.519 [info] > git for-each-ref --sort -committerdate --format %(refname) %(objectname) %(*objectname) [0ms]
2024-12-14 04:54:40.528 [info] > git status -z -uall [12ms]
2024-12-14 04:54:45.544 [info] [Git][getRemotes] No remotes found in the git config file
2024-12-14 04:54:45.548 [info] > git config --get commit.template [4ms]
2024-12-14 04:54:45.549 [info] > git for-each-ref --format=%(refname)%00%(upstream:short)%00%(objectname)%00%(upstream:track)%00%(upstream:remotename)%00%(upstream:remoteref) refs/heads/master refs/remotes/master [2ms]
2024-12-14 04:54:45.549 [warning] [Git][getBranch] No such branch: master
2024-12-14 04:54:45.554 [info] > git for-each-ref --sort -committerdate --format %(refname) %(objectname) %(*objectname) [1ms]
2024-12-14 04:54:45.561 [info] > git status -z -uall [10ms]
2024-12-14 04:54:50.580 [info] [Git][getRemotes] No remotes found in the git config file
2024-12-14 04:54:50.580 [info] > git config --get commit.template [2ms]
2024-12-14 04:54:50.582 [info] > git for-each-ref --format=%(refname)%00%(upstream:short)%00%(objectname)%00%(upstream:track)%00%(upstream:remotename)%00%(upstream:remoteref) refs/heads/master refs/remotes/master [2ms]
2024-12-14 04:54:50.582 [warning] [Git][getBranch] No such branch: master
2024-12-14 04:54:50.590 [info] > git for-each-ref --sort -committerdate --format %(refname) %(objectname) %(*objectname) [0ms]
2024-12-14 04:54:50.594 [info] > git status -z -uall [9ms]
2024-12-14 04:54:55.614 [info] > git config --get commit.template [3ms]
2024-12-14 04:54:55.614 [info] [Git][getRemotes] No remotes found in the git config file
2024-12-14 04:54:55.615 [info] > git for-each-ref --format=%(refname)%00%(upstream:short)%00%(objectname)%00%(upstream:track)%00%(upstream:remotename)%00%(upstream:remoteref) refs/heads/master refs/remotes/master [1ms]
2024-12-14 04:54:55.615 [warning] [Git][getBranch] No such branch: master
2024-12-14 04:54:55.622 [info] > git for-each-ref --sort -committerdate --format %(refname) %(objectname) %(*objectname) [0ms]
2024-12-14 04:54:55.629 [info] > git status -z -uall [11ms]
2024-12-14 04:55:00.647 [info] [Git][getRemotes] No remotes found in the git config file
2024-12-14 04:55:00.647 [info] > git config --get commit.template [4ms]
2024-12-14 04:55:00.648 [info] > git for-each-ref --format=%(refname)%00%(upstream:short)%00%(objectname)%00%(upstream:track)%00%(upstream:remotename)%00%(upstream:remoteref) refs/heads/master refs/remotes/master [1ms]
2024-12-14 04:55:00.648 [warning] [Git][getBranch] No such branch: master
2024-12-14 04:55:00.656 [info] > git for-each-ref --sort -committerdate --format %(refname) %(objectname) %(*objectname) [0ms]
2024-12-14 04:55:00.660 [info] > git status -z -uall [10ms]
2024-12-14 04:55:05.678 [info] > git config --get commit.template [1ms]
2024-12-14 04:55:05.681 [info] [Git][getRemotes] No remotes found in the git config file
2024-12-14 04:55:05.682 [info] > git for-each-ref --format=%(refname)%00%(upstream:short)%00%(objectname)%00%(upstream:track)%00%(upstream:remotename)%00%(upstream:remoteref) refs/heads/master refs/remotes/master [2ms]
2024-12-14 04:55:05.682 [warning] [Git][getBranch] No such branch: master
2024-12-14 04:55:05.687 [info] > git for-each-ref --sort -committerdate --format %(refname) %(objectname) %(*objectname) [0ms]
2024-12-14 04:55:05.694 [info] > git status -z -uall [10ms]
2024-12-14 04:55:10.713 [info] [Git][getRemotes] No remotes found in the git config file
2024-12-14 04:55:10.713 [info] > git config --get commit.template [3ms]
2024-12-14 04:55:10.714 [info] > git for-each-ref --format=%(refname)%00%(upstream:short)%00%(objectname)%00%(upstream:track)%00%(upstream:remotename)%00%(upstream:remoteref) refs/heads/master refs/remotes/master [1ms]
2024-12-14 04:55:10.714 [warning] [Git][getBranch] No such branch: master
2024-12-14 04:55:10.720 [info] > git for-each-ref --sort -committerdate --format %(refname) %(objectname) %(*objectname) [0ms]
2024-12-14 04:55:10.728 [info] > git status -z -uall [11ms]
2024-12-14 04:55:15.747 [info] [Git][getRemotes] No remotes found in the git config file
2024-12-14 04:55:15.747 [info] > git config --get commit.template [3ms]
2024-12-14 04:55:15.748 [info] > git for-each-ref --format=%(refname)%00%(upstream:short)%00%(objectname)%00%(upstream:track)%00%(upstream:remotename)%00%(upstream:remoteref) refs/heads/master refs/remotes/master [1ms]
2024-12-14 04:55:15.748 [warning] [Git][getBranch] No such branch: master
2024-12-14 04:55:15.754 [info] > git for-each-ref --sort -committerdate --format %(refname) %(objectname) %(*objectname) [2ms]
2024-12-14 04:55:15.761 [info] > git status -z -uall [11ms]
2024-12-14 04:55:20.776 [info] > git config --get commit.template [0ms]
2024-12-14 04:55:20.779 [info] [Git][getRemotes] No remotes found in the git config file
2024-12-14 04:55:20.780 [info] > git for-each-ref --format=%(refname)%00%(upstream:short)%00%(objectname)%00%(upstream:track)%00%(upstream:remotename)%00%(upstream:remoteref) refs/heads/master refs/remotes/master [1ms]
2024-12-14 04:55:20.780 [warning] [Git][getBranch] No such branch: master
2024-12-14 04:55:20.786 [info] > git for-each-ref --sort -committerdate --format %(refname) %(objectname) %(*objectname) [1ms]
2024-12-14 04:55:20.794 [info] > git status -z -uall [12ms]
2024-12-14 04:55:25.812 [info] > git config --get commit.template [1ms]
2024-12-14 04:55:25.816 [info] [Git][getRemotes] No remotes found in the git config file
2024-12-14 04:55:25.816 [info] > git for-each-ref --format=%(refname)%00%(upstream:short)%00%(objectname)%00%(upstream:track)%00%(upstream:remotename)%00%(upstream:remoteref) refs/heads/master refs/remotes/master [0ms]
2024-12-14 04:55:25.816 [warning] [Git][getBranch] No such branch: master
2024-12-14 04:55:25.822 [info] > git for-each-ref --sort -committerdate --format %(refname) %(objectname) %(*objectname) [1ms]
2024-12-14 04:55:25.829 [info] > git status -z -uall [11ms]
2024-12-14 04:55:30.846 [info] > git config --get commit.template [1ms]
2024-12-14 04:55:30.849 [info] [Git][getRemotes] No remotes found in the git config file
2024-12-14 04:55:30.850 [info] > git for-each-ref --format=%(refname)%00%(upstream:short)%00%(objectname)%00%(upstream:track)%00%(upstream:remotename)%00%(upstream:remoteref) refs/heads/master refs/remotes/master [1ms]
2024-12-14 04:55:30.850 [warning] [Git][getBranch] No such branch: master
2024-12-14 04:55:30.855 [info] > git for-each-ref --sort -committerdate --format %(refname) %(objectname) %(*objectname) [0ms]
2024-12-14 04:55:30.863 [info] > git status -z -uall [11ms]
2024-12-14 04:55:35.879 [info] > git config --get commit.template [1ms]
2024-12-14 04:55:35.882 [info] [Git][getRemotes] No remotes found in the git config file
2024-12-14 04:55:35.883 [info] > git for-each-ref --format=%(refname)%00%(upstream:short)%00%(objectname)%00%(upstream:track)%00%(upstream:remotename)%00%(upstream:remoteref) refs/heads/master refs/remotes/master [1ms]
2024-12-14 04:55:35.883 [warning] [Git][getBranch] No such branch: master
2024-12-14 04:55:35.890 [info] > git for-each-ref --sort -committerdate --format %(refname) %(objectname) %(*objectname) [1ms]
2024-12-14 04:55:35.898 [info] > git status -z -uall [13ms]
2024-12-14 04:55:40.917 [info] [Git][getRemotes] No remotes found in the git config file
2024-12-14 04:55:40.917 [info] > git config --get commit.template [4ms]
2024-12-14 04:55:40.918 [info] > git for-each-ref --format=%(refname)%00%(upstream:short)%00%(objectname)%00%(upstream:track)%00%(upstream:remotename)%00%(upstream:remoteref) refs/heads/master refs/remotes/master [1ms]
2024-12-14 04:55:40.918 [warning] [Git][getBranch] No such branch: master
2024-12-14 04:55:40.925 [info] > git for-each-ref --sort -committerdate --format %(refname) %(objectname) %(*objectname) [1ms]
2024-12-14 04:55:40.933 [info] > git status -z -uall [12ms]
2024-12-14 04:55:45.953 [info] [Git][getRemotes] No remotes found in the git config file
2024-12-14 04:55:45.953 [info] > git config --get commit.template [3ms]
2024-12-14 04:55:45.954 [info] > git for-each-ref --format=%(refname)%00%(upstream:short)%00%(objectname)%00%(upstream:track)%00%(upstream:remotename)%00%(upstream:remoteref) refs/heads/master refs/remotes/master [1ms]
2024-12-14 04:55:45.954 [warning] [Git][getBranch] No such branch: master
2024-12-14 04:55:45.961 [info] > git for-each-ref --sort -committerdate --format %(refname) %(objectname) %(*objectname) [1ms]
2024-12-14 04:55:45.966 [info] > git status -z -uall [10ms]
2024-12-14 04:55:50.985 [info] [Git][getRemotes] No remotes found in the git config file
2024-12-14 04:55:50.986 [info] > git for-each-ref --format=%(refname)%00%(upstream:short)%00%(objectname)%00%(upstream:track)%00%(upstream:remotename)%00%(upstream:remoteref) refs/heads/master refs/remotes/master [2ms]
2024-12-14 04:55:50.986 [warning] [Git][getBranch] No such branch: master
2024-12-14 04:55:50.986 [info] > git config --get commit.template [4ms]
2024-12-14 04:55:50.992 [info] > git for-each-ref --sort -committerdate --format %(refname) %(objectname) %(*objectname) [0ms]
2024-12-14 04:55:51.000 [info] > git status -z -uall [11ms]
2024-12-14 04:55:56.020 [info] > git config --get commit.template [2ms]
2024-12-14 04:55:56.020 [info] [Git][getRemotes] No remotes found in the git config file
2024-12-14 04:55:56.020 [info] > git for-each-ref --format=%(refname)%00%(upstream:short)%00%(objectname)%00%(upstream:track)%00%(upstream:remotename)%00%(upstream:remoteref) refs/heads/master refs/remotes/master [1ms]
2024-12-14 04:55:56.020 [warning] [Git][getBranch] No such branch: master
2024-12-14 04:55:56.026 [info] > git for-each-ref --sort -committerdate --format %(refname) %(objectname) %(*objectname) [0ms]
2024-12-14 04:55:56.034 [info] > git status -z -uall [11ms]
2024-12-14 04:56:05.492 [info] [Git][getRemotes] No remotes found in the git config file
2024-12-14 04:56:05.495 [info] > git config --get commit.template [4ms]
2024-12-14 04:56:05.496 [info] > git for-each-ref --format=%(refname)%00%(upstream:short)%00%(objectname)%00%(upstream:track)%00%(upstream:remotename)%00%(upstream:remoteref) refs/heads/master refs/remotes/master [1ms]
2024-12-14 04:56:05.496 [warning] [Git][getBranch] No such branch: master
2024-12-14 04:56:05.502 [info] > git for-each-ref --sort -committerdate --format %(refname) %(objectname) %(*objectname) [1ms]
2024-12-14 04:56:05.510 [info] > git status -z -uall [12ms]
2024-12-14 04:56:10.529 [info] > git config --get commit.template [4ms]
2024-12-14 04:56:10.529 [info] > git for-each-ref --format=%(refname)%00%(upstream:short)%00%(objectname)%00%(upstream:track)%00%(upstream:remotename)%00%(upstream:remoteref) refs/heads/master refs/remotes/master [1ms]
2024-12-14 04:56:10.529 [warning] [Git][getBranch] No such branch: master
2024-12-14 04:56:10.534 [info] > git for-each-ref --sort -committerdate --format %(refname) %(objectname) %(*objectname) [0ms]
2024-12-14 04:56:10.541 [info] > git status -z -uall [10ms]
2024-12-14 04:56:15.562 [info] > git config --get commit.template [4ms]
2024-12-14 04:56:15.562 [info] > git for-each-ref --format=%(refname)%00%(upstream:short)%00%(objectname)%00%(upstream:track)%00%(upstream:remotename)%00%(upstream:remoteref) refs/heads/master refs/remotes/master [1ms]
2024-12-14 04:56:15.563 [warning] [Git][getBranch] No such branch: master
2024-12-14 04:56:15.569 [info] > git for-each-ref --sort -committerdate --format %(refname) %(objectname) %(*objectname) [1ms]
2024-12-14 04:56:15.575 [info] > git status -z -uall [10ms]
2024-12-14 04:56:20.594 [info] > git config --get commit.template [3ms]
2024-12-14 04:56:20.596 [info] > git for-each-ref --format=%(refname)%00%(upstream:short)%00%(objectname)%00%(upstream:track)%00%(upstream:remotename)%00%(upstream:remoteref) refs/heads/master refs/remotes/master [3ms]
2024-12-14 04:56:20.596 [warning] [Git][getBranch] No such branch: master
2024-12-14 04:56:20.603 [info] > git for-each-ref --sort -committerdate --format %(refname) %(objectname) %(*objectname) [1ms]
2024-12-14 04:56:20.609 [info] > git status -z -uall [11ms]
2024-12-14 04:57:07.296 [info] > git config --get commit.template [4ms]
2024-12-14 04:57:07.296 [info] > git for-each-ref --format=%(refname)%00%(upstream:short)%00%(objectname)%00%(upstream:track)%00%(upstream:remotename)%00%(upstream:remoteref) refs/heads/master refs/remotes/master [1ms]
2024-12-14 04:57:07.296 [warning] [Git][getBranch] No such branch: master
2024-12-14 04:57:07.302 [info] > git for-each-ref --sort -committerdate --format %(refname) %(objectname) %(*objectname) [0ms]
2024-12-14 04:57:07.311 [info] > git status -z -uall [12ms]
2024-12-14 04:57:12.342 [info] > git config --get commit.template [2ms]
2024-12-14 04:57:12.343 [info] > git for-each-ref --format=%(refname)%00%(upstream:short)%00%(objectname)%00%(upstream:track)%00%(upstream:remotename)%00%(upstream:remoteref) refs/heads/master refs/remotes/master [1ms]
2024-12-14 04:57:12.343 [warning] [Git][getBranch] No such branch: master
2024-12-14 04:57:12.348 [info] > git for-each-ref --sort -committerdate --format %(refname) %(objectname) %(*objectname) [0ms]
2024-12-14 04:57:12.357 [info] > git status -z -uall [12ms]
2024-12-14 04:57:12.889 [info] > git for-each-ref --format=%(refname)%00%(upstream:short)%00%(objectname)%00%(upstream:track)%00%(upstream:remotename)%00%(upstream:remoteref) refs/heads/master refs/remotes/master [0ms]
2024-12-14 04:57:12.889 [warning] [Git][getBranch] No such branch: master
2024-12-14 04:57:12.889 [info] > git config --get commit.template [4ms]
2024-12-14 04:57:12.896 [info] > git for-each-ref --sort -committerdate --format %(refname) %(objectname) %(*objectname) [2ms]
2024-12-14 04:57:12.902 [info] > git status -z -uall [11ms]
2024-12-14 04:57:13.669 [info] > git check-ignore -v -z --stdin [1ms]
2024-12-14 04:57:17.381 [info] > git config --get commit.template [3ms]
2024-12-14 04:57:17.383 [info] > git for-each-ref --format=%(refname)%00%(upstream:short)%00%(objectname)%00%(upstream:track)%00%(upstream:remotename)%00%(upstream:remoteref) refs/heads/master refs/remotes/master [2ms]
2024-12-14 04:57:17.383 [warning] [Git][getBranch] No such branch: master
2024-12-14 04:57:17.389 [info] > git for-each-ref --sort -committerdate --format %(refname) %(objectname) %(*objectname) [0ms]
2024-12-14 04:57:17.395 [info] > git status -z -uall [10ms]
2024-12-14 04:57:22.413 [info] > git config --get commit.template [1ms]
2024-12-14 04:57:22.416 [info] > git for-each-ref --format=%(refname)%00%(upstream:short)%00%(objectname)%00%(upstream:track)%00%(upstream:remotename)%00%(upstream:remoteref) refs/heads/master refs/remotes/master [0ms]
2024-12-14 04:57:22.416 [warning] [Git][getBranch] No such branch: master
2024-12-14 04:57:22.422 [info] > git for-each-ref --sort -committerdate --format %(refname) %(objectname) %(*objectname) [0ms]
2024-12-14 04:57:22.431 [info] > git status -z -uall [12ms]
2024-12-14 04:57:27.451 [info] > git config --get commit.template [4ms]
2024-12-14 04:57:27.452 [info] > git for-each-ref --format=%(refname)%00%(upstream:short)%00%(objectname)%00%(upstream:track)%00%(upstream:remotename)%00%(upstream:remoteref) refs/heads/master refs/remotes/master [2ms]
2024-12-14 04:57:27.452 [warning] [Git][getBranch] No such branch: master
2024-12-14 04:57:27.458 [info] > git for-each-ref --sort -committerdate --format %(refname) %(objectname) %(*objectname) [1ms]
2024-12-14 04:57:27.465 [info] > git status -z -uall [11ms]
2024-12-14 04:57:32.483 [info] > git config --get commit.template [3ms]
2024-12-14 04:57:32.484 [info] > git for-each-ref --format=%(refname)%00%(upstream:short)%00%(objectname)%00%(upstream:track)%00%(upstream:remotename)%00%(upstream:remoteref) refs/heads/master refs/remotes/master [1ms]
2024-12-14 04:57:32.484 [warning] [Git][getBranch] No such branch: master
2024-12-14 04:57:32.489 [info] > git for-each-ref --sort -committerdate --format %(refname) %(objectname) %(*objectname) [0ms]
2024-12-14 04:57:32.497 [info] > git status -z -uall [11ms]
2024-12-14 04:57:35.962 [info] > git config --get commit.template [5ms]
2024-12-14 04:57:35.963 [info] > git for-each-ref --format=%(refname)%00%(upstream:short)%00%(objectname)%00%(upstream:track)%00%(upstream:remotename)%00%(upstream:remoteref) refs/heads/main refs/remotes/main [2ms]
2024-12-14 04:57:35.963 [warning] [Git][getBranch] No such branch: main
2024-12-14 04:57:35.969 [info] > git for-each-ref --sort -committerdate --format %(refname) %(objectname) %(*objectname) [0ms]
2024-12-14 04:57:35.978 [info] > git status -z -uall [13ms]
2024-12-14 04:57:35.995 [info] > git for-each-ref --format=%(refname)%00%(upstream:short)%00%(objectname)%00%(upstream:track)%00%(upstream:remotename)%00%(upstream:remoteref) refs/heads/main refs/remotes/main [1ms]
2024-12-14 04:57:35.995 [warning] [Git][getBranch] No such branch: main
2024-12-14 04:57:35.995 [error] [GitHistoryProvider][resolveHEADMergeBase] Failed to resolve merge base for main: Error: No such branch: main.
2024-12-14 04:57:37.515 [info] > git config --get commit.template [3ms]
2024-12-14 04:57:37.516 [info] > git for-each-ref --format=%(refname)%00%(upstream:short)%00%(objectname)%00%(upstream:track)%00%(upstream:remotename)%00%(upstream:remoteref) refs/heads/main refs/remotes/main [2ms]
2024-12-14 04:57:37.516 [warning] [Git][getBranch] No such branch: main
2024-12-14 04:57:37.520 [info] > git for-each-ref --sort -committerdate --format %(refname) %(objectname) %(*objectname) [0ms]
2024-12-14 04:57:37.530 [info] > git status -z -uall [12ms]
2024-12-14 04:57:42.550 [info] > git config --get commit.template [4ms]
2024-12-14 04:57:42.550 [info] > git for-each-ref --format=%(refname)%00%(upstream:short)%00%(objectname)%00%(upstream:track)%00%(upstream:remotename)%00%(upstream:remoteref) refs/heads/main refs/remotes/main [1ms]
2024-12-14 04:57:42.550 [warning] [Git][getBranch] No such branch: main
2024-12-14 04:57:42.556 [info] > git for-each-ref --sort -committerdate --format %(refname) %(objectname) %(*objectname) [0ms]
2024-12-14 04:57:42.564 [info] > git status -z -uall [11ms]
2024-12-14 04:57:45.566 [info] > git config --get commit.template [3ms]
2024-12-14 04:57:45.566 [info] > git for-each-ref --format=%(refname)%00%(upstream:short)%00%(objectname)%00%(upstream:track)%00%(upstream:remotename)%00%(upstream:remoteref) refs/heads/main refs/remotes/main [0ms]
2024-12-14 04:57:45.566 [warning] [Git][getBranch] No such branch: main
2024-12-14 04:57:45.575 [info] > git for-each-ref --sort -committerdate --format %(refname) %(objectname) %(*objectname) [0ms]
2024-12-14 04:57:45.581 [info] > git status -z -uall [12ms]
2024-12-14 04:57:47.581 [info] > git config --get commit.template [3ms]
2024-12-14 04:57:47.582 [info] > git for-each-ref --format=%(refname)%00%(upstream:short)%00%(objectname)%00%(upstream:track)%00%(upstream:remotename)%00%(upstream:remoteref) refs/heads/main refs/remotes/main [1ms]
2024-12-14 04:57:47.582 [warning] [Git][getBranch] No such branch: main
2024-12-14 04:57:47.587 [info] > git for-each-ref --sort -committerdate --format %(refname) %(objectname) %(*objectname) [1ms]
2024-12-14 04:57:47.597 [info] > git status -z -uall [13ms]
2024-12-14 04:57:52.613 [info] > git config --get commit.template [0ms]
2024-12-14 04:57:52.617 [info] > git for-each-ref --format=%(refname)%00%(upstream:short)%00%(objectname)%00%(upstream:track)%00%(upstream:remotename)%00%(upstream:remoteref) refs/heads/main refs/remotes/main [2ms]
2024-12-14 04:57:52.617 [warning] [Git][getBranch] No such branch: main
2024-12-14 04:57:52.622 [info] > git for-each-ref --sort -committerdate --format %(refname) %(objectname) %(*objectname) [0ms]
2024-12-14 04:57:52.631 [info] > git status -z -uall [12ms]
2024-12-14 04:57:57.649 [info] > git config --get commit.template [2ms]
2024-12-14 04:57:57.650 [info] > git for-each-ref --format=%(refname)%00%(upstream:short)%00%(objectname)%00%(upstream:track)%00%(upstream:remotename)%00%(upstream:remoteref) refs/heads/main refs/remotes/main [1ms]
2024-12-14 04:57:57.650 [warning] [Git][getBranch] No such branch: main
2024-12-14 04:57:57.655 [info] > git for-each-ref --sort -committerdate --format %(refname) %(objectname) %(*objectname) [0ms]
2024-12-14 04:57:57.662 [info] > git status -z -uall [10ms]
2024-12-14 04:58:02.680 [info] > git config --get commit.template [1ms]
2024-12-14 04:58:02.684 [info] > git for-each-ref --format=%(refname)%00%(upstream:short)%00%(objectname)%00%(upstream:track)%00%(upstream:remotename)%00%(upstream:remoteref) refs/heads/main refs/remotes/main [1ms]
2024-12-14 04:58:02.684 [warning] [Git][getBranch] No such branch: main
2024-12-14 04:58:02.689 [info] > git for-each-ref --sort -committerdate --format %(refname) %(objectname) %(*objectname) [0ms]
2024-12-14 04:58:02.696 [info] > git status -z -uall [10ms]
2024-12-14 04:58:07.717 [info] > git for-each-ref --format=%(refname)%00%(upstream:short)%00%(objectname)%00%(upstream:track)%00%(upstream:remotename)%00%(upstream:remoteref) refs/heads/main refs/remotes/main [1ms]
2024-12-14 04:58:07.717 [warning] [Git][getBranch] No such branch: main
2024-12-14 04:58:07.717 [info] > git config --get commit.template [5ms]
2024-12-14 04:58:07.723 [info] > git for-each-ref --sort -committerdate --format %(refname) %(objectname) %(*objectname) [1ms]
2024-12-14 04:58:07.730 [info] > git status -z -uall [11ms]
2024-12-14 04:58:12.749 [info] > git config --get commit.template [3ms]
2024-12-14 04:58:12.750 [info] > git for-each-ref --format=%(refname)%00%(upstream:short)%00%(objectname)%00%(upstream:track)%00%(upstream:remotename)%00%(upstream:remoteref) refs/heads/main refs/remotes/main [1ms]
2024-12-14 04:58:12.750 [warning] [Git][getBranch] No such branch: main
2024-12-14 04:58:12.755 [info] > git for-each-ref --sort -committerdate --format %(refname) %(objectname) %(*objectname) [0ms]
2024-12-14 04:58:12.763 [info] > git status -z -uall [11ms]
2024-12-14 04:58:17.783 [info] > git config --get commit.template [3ms]
2024-12-14 04:58:17.784 [info] > git for-each-ref --format=%(refname)%00%(upstream:short)%00%(objectname)%00%(upstream:track)%00%(upstream:remotename)%00%(upstream:remoteref) refs/heads/main refs/remotes/main [0ms]
2024-12-14 04:58:17.784 [warning] [Git][getBranch] No such branch: main
2024-12-14 04:58:17.790 [info] > git for-each-ref --sort -committerdate --format %(refname) %(objectname) %(*objectname) [1ms]
2024-12-14 04:58:17.797 [info] > git status -z -uall [11ms]
2024-12-14 04:58:22.815 [info] > git config --get commit.template [3ms]
2024-12-14 04:58:22.815 [info] > git for-each-ref --format=%(refname)%00%(upstream:short)%00%(objectname)%00%(upstream:track)%00%(upstream:remotename)%00%(upstream:remoteref) refs/heads/main refs/remotes/main [1ms]
2024-12-14 04:58:22.815 [warning] [Git][getBranch] No such branch: main
2024-12-14 04:58:22.822 [info] > git for-each-ref --sort -committerdate --format %(refname) %(objectname) %(*objectname) [0ms]
2024-12-14 04:58:22.829 [info] > git status -z -uall [11ms]
2024-12-14 04:58:27.849 [info] > git config --get commit.template [2ms]
2024-12-14 04:58:27.850 [info] > git for-each-ref --format=%(refname)%00%(upstream:short)%00%(objectname)%00%(upstream:track)%00%(upstream:remotename)%00%(upstream:remoteref) refs/heads/main refs/remotes/main [1ms]
2024-12-14 04:58:27.850 [warning] [Git][getBranch] No such branch: main
2024-12-14 04:58:27.857 [info] > git for-each-ref --sort -committerdate --format %(refname) %(objectname) %(*objectname) [1ms]
2024-12-14 04:58:27.862 [info] > git status -z -uall [10ms]
2024-12-14 04:58:32.886 [info] > git for-each-ref --format=%(refname)%00%(upstream:short)%00%(objectname)%00%(upstream:track)%00%(upstream:remotename)%00%(upstream:remoteref) refs/heads/main refs/remotes/main [1ms]
2024-12-14 04:58:32.886 [warning] [Git][getBranch] No such branch: main
2024-12-14 04:58:32.886 [info] > git config --get commit.template [5ms]
2024-12-14 04:58:32.898 [info] > git for-each-ref --sort -committerdate --format %(refname) %(objectname) %(*objectname) [3ms]
2024-12-14 04:58:32.905 [info] > git status -z -uall [15ms]
2024-12-14 04:58:36.066 [info] > git config --get commit.template [4ms]
2024-12-14 04:58:36.066 [info] > git for-each-ref --format=%(refname)%00%(upstream:short)%00%(objectname)%00%(upstream:track)%00%(upstream:remotename)%00%(upstream:remoteref) refs/heads/main refs/remotes/main [1ms]
2024-12-14 04:58:36.067 [warning] [Git][getBranch] No such branch: main
2024-12-14 04:58:36.074 [info] > git for-each-ref --sort -committerdate --format %(refname) %(objectname) %(*objectname) [0ms]
2024-12-14 04:58:36.082 [info] > git status -z -uall [13ms]
2024-12-14 04:58:37.927 [info] > git config --get commit.template [4ms]
2024-12-14 04:58:37.927 [info] > git for-each-ref --format=%(refname)%00%(upstream:short)%00%(objectname)%00%(upstream:track)%00%(upstream:remotename)%00%(upstream:remoteref) refs/heads/main refs/remotes/main [1ms]
2024-12-14 04:58:37.927 [warning] [Git][getBranch] No such branch: main
2024-12-14 04:58:37.937 [info] > git for-each-ref --sort -committerdate --format %(refname) %(objectname) %(*objectname) [2ms]
2024-12-14 04:58:37.944 [info] > git status -z -uall [15ms]
2024-12-14 04:58:42.972 [info] > git config --get commit.template [3ms]
2024-12-14 04:58:42.972 [info] > git for-each-ref --format=%(refname)%00%(upstream:short)%00%(objectname)%00%(upstream:track)%00%(upstream:remotename)%00%(upstream:remoteref) refs/heads/main refs/remotes/main [1ms]
2024-12-14 04:58:42.972 [warning] [Git][getBranch] No such branch: main
2024-12-14 04:58:42.979 [info] > git for-each-ref --sort -committerdate --format %(refname) %(objectname) %(*objectname) [0ms]
2024-12-14 04:58:42.986 [info] > git status -z -uall [12ms]
2024-12-14 04:58:48.004 [info] > git config --get commit.template [2ms]
2024-12-14 04:58:48.007 [info] > git for-each-ref --format=%(refname)%00%(upstream:short)%00%(objectname)%00%(upstream:track)%00%(upstream:remotename)%00%(upstream:remoteref) refs/heads/main refs/remotes/main [1ms]
2024-12-14 04:58:48.007 [warning] [Git][getBranch] No such branch: main
2024-12-14 04:58:48.016 [info] > git for-each-ref --sort -committerdate --format %(refname) %(objectname) %(*objectname) [2ms]
2024-12-14 04:58:48.027 [info] > git status -z -uall [18ms]
2024-12-14 04:58:53.048 [info] > git config --get commit.template [3ms]
2024-12-14 04:58:53.048 [info] > git for-each-ref --format=%(refname)%00%(upstream:short)%00%(objectname)%00%(upstream:track)%00%(upstream:remotename)%00%(upstream:remoteref) refs/heads/main refs/remotes/main [1ms]
2024-12-14 04:58:53.048 [warning] [Git][getBranch] No such branch: main
2024-12-14 04:58:53.054 [info] > git for-each-ref --sort -committerdate --format %(refname) %(objectname) %(*objectname) [0ms]
2024-12-14 04:58:53.064 [info] > git status -z -uall [15ms]
2024-12-14 04:58:58.083 [info] > git config --get commit.template [3ms]
2024-12-14 04:58:58.084 [info] > git for-each-ref --format=%(refname)%00%(upstream:short)%00%(objectname)%00%(upstream:track)%00%(upstream:remotename)%00%(upstream:remoteref) refs/heads/main refs/remotes/main [1ms]
2024-12-14 04:58:58.084 [warning] [Git][getBranch] No such branch: main
2024-12-14 04:58:58.090 [info] > git for-each-ref --sort -committerdate --format %(refname) %(objectname) %(*objectname) [0ms]
2024-12-14 04:58:58.099 [info] > git status -z -uall [13ms]
2024-12-14 04:59:03.119 [info] > git config --get commit.template [4ms]
2024-12-14 04:59:03.119 [info] > git for-each-ref --format=%(refname)%00%(upstream:short)%00%(objectname)%00%(upstream:track)%00%(upstream:remotename)%00%(upstream:remoteref) refs/heads/main refs/remotes/main [1ms]
2024-12-14 04:59:03.119 [warning] [Git][getBranch] No such branch: main
2024-12-14 04:59:03.126 [info] > git for-each-ref --sort -committerdate --format %(refname) %(objectname) %(*objectname) [1ms]
2024-12-14 04:59:03.133 [info] > git status -z -uall [12ms]
2024-12-14 04:59:08.154 [info] > git config --get commit.template [4ms]
2024-12-14 04:59:08.155 [info] > git for-each-ref --format=%(refname)%00%(upstream:short)%00%(objectname)%00%(upstream:track)%00%(upstream:remotename)%00%(upstream:remoteref) refs/heads/main refs/remotes/main [1ms]
2024-12-14 04:59:08.155 [warning] [Git][getBranch] No such branch: main
2024-12-14 04:59:08.162 [info] > git for-each-ref --sort -committerdate --format %(refname) %(objectname) %(*objectname) [1ms]
2024-12-14 04:59:08.170 [info] > git status -z -uall [13ms]
2024-12-14 04:59:13.191 [info] > git config --get commit.template [4ms]
2024-12-14 04:59:13.191 [info] > git for-each-ref --format=%(refname)%00%(upstream:short)%00%(objectname)%00%(upstream:track)%00%(upstream:remotename)%00%(upstream:remoteref) refs/heads/main refs/remotes/main [1ms]
2024-12-14 04:59:13.191 [warning] [Git][getBranch] No such branch: main
2024-12-14 04:59:13.200 [info] > git for-each-ref --sort -committerdate --format %(refname) %(objectname) %(*objectname) [1ms]
2024-12-14 04:59:13.207 [info] > git status -z -uall [13ms]
2024-12-14 04:59:18.226 [info] > git config --get commit.template [4ms]
2024-12-14 04:59:18.226 [info] > git for-each-ref --format=%(refname)%00%(upstream:short)%00%(objectname)%00%(upstream:track)%00%(upstream:remotename)%00%(upstream:remoteref) refs/heads/main refs/remotes/main [1ms]
2024-12-14 04:59:18.226 [warning] [Git][getBranch] No such branch: main
2024-12-14 04:59:18.235 [info] > git for-each-ref --sort -committerdate --format %(refname) %(objectname) %(*objectname) [0ms]
2024-12-14 04:59:18.240 [info] > git status -z -uall [12ms]
2024-12-14 04:59:23.258 [info] > git config --get commit.template [2ms]
2024-12-14 04:59:23.258 [info] > git for-each-ref --format=%(refname)%00%(upstream:short)%00%(objectname)%00%(upstream:track)%00%(upstream:remotename)%00%(upstream:remoteref) refs/heads/main refs/remotes/main [0ms]
2024-12-14 04:59:23.258 [warning] [Git][getBranch] No such branch: main
2024-12-14 04:59:23.265 [info] > git for-each-ref --sort -committerdate --format %(refname) %(objectname) %(*objectname) [0ms]
2024-12-14 04:59:23.277 [info] > git status -z -uall [15ms]
2024-12-14 04:59:28.298 [info] > git config --get commit.template [3ms]
2024-12-14 04:59:28.299 [info] > git for-each-ref --format=%(refname)%00%(upstream:short)%00%(objectname)%00%(upstream:track)%00%(upstream:remotename)%00%(upstream:remoteref) refs/heads/main refs/remotes/main [1ms]
2024-12-14 04:59:28.299 [warning] [Git][getBranch] No such branch: main
2024-12-14 04:59:28.305 [info] > git for-each-ref --sort -committerdate --format %(refname) %(objectname) %(*objectname) [0ms]
2024-12-14 04:59:28.313 [info] > git status -z -uall [12ms]
2024-12-14 04:59:33.334 [info] > git config --get commit.template [4ms]
2024-12-14 04:59:33.334 [info] > git for-each-ref --format=%(refname)%00%(upstream:short)%00%(objectname)%00%(upstream:track)%00%(upstream:remotename)%00%(upstream:remoteref) refs/heads/main refs/remotes/main [1ms]
2024-12-14 04:59:33.334 [warning] [Git][getBranch] No such branch: main
2024-12-14 04:59:33.341 [info] > git for-each-ref --sort -committerdate --format %(refname) %(objectname) %(*objectname) [0ms]
2024-12-14 04:59:33.348 [info] > git status -z -uall [12ms]
2024-12-14 04:59:35.571 [info] > git show --textconv :README.md [4ms]
2024-12-14 04:59:35.572 [info] > git ls-files --stage -- /home/ubuntu/README.md [2ms]
2024-12-14 04:59:35.674 [info] > git check-ignore -v -z --stdin [2ms]
2024-12-14 04:59:38.370 [info] > git config --get commit.template [4ms]
2024-12-14 04:59:38.371 [info] > git for-each-ref --format=%(refname)%00%(upstream:short)%00%(objectname)%00%(upstream:track)%00%(upstream:remotename)%00%(upstream:remoteref) refs/heads/main refs/remotes/main [1ms]
2024-12-14 04:59:38.371 [warning] [Git][getBranch] No such branch: main
2024-12-14 04:59:38.379 [info] > git for-each-ref --sort -committerdate --format %(refname) %(objectname) %(*objectname) [1ms]
2024-12-14 04:59:38.386 [info] > git status -z -uall [12ms]
2024-12-14 04:59:43.407 [info] > git config --get commit.template [3ms]
2024-12-14 04:59:43.409 [info] > git for-each-ref --format=%(refname)%00%(upstream:short)%00%(objectname)%00%(upstream:track)%00%(upstream:remotename)%00%(upstream:remoteref) refs/heads/main refs/remotes/main [2ms]
2024-12-14 04:59:43.409 [warning] [Git][getBranch] No such branch: main
2024-12-14 04:59:43.415 [info] > git for-each-ref --sort -committerdate --format %(refname) %(objectname) %(*objectname) [0ms]
2024-12-14 04:59:43.422 [info] > git status -z -uall [11ms]
2024-12-14 04:59:48.440 [info] > git config --get commit.template [3ms]
2024-12-14 04:59:48.440 [info] > git for-each-ref --format=%(refname)%00%(upstream:short)%00%(objectname)%00%(upstream:track)%00%(upstream:remotename)%00%(upstream:remoteref) refs/heads/main refs/remotes/main [0ms]
2024-12-14 04:59:48.440 [warning] [Git][getBranch] No such branch: main
2024-12-14 04:59:48.448 [info] > git for-each-ref --sort -committerdate --format %(refname) %(objectname) %(*objectname) [0ms]
2024-12-14 04:59:48.457 [info] > git status -z -uall [13ms]
2024-12-14 04:59:53.477 [info] > git config --get commit.template [4ms]
2024-12-14 04:59:53.478 [info] > git for-each-ref --format=%(refname)%00%(upstream:short)%00%(objectname)%00%(upstream:track)%00%(upstream:remotename)%00%(upstream:remoteref) refs/heads/main refs/remotes/main [1ms]
2024-12-14 04:59:53.478 [warning] [Git][getBranch] No such branch: main
2024-12-14 04:59:53.485 [info] > git for-each-ref --sort -committerdate --format %(refname) %(objectname) %(*objectname) [0ms]
2024-12-14 04:59:53.492 [info] > git status -z -uall [12ms]
2024-12-14 04:59:58.510 [info] > git config --get commit.template [3ms]
2024-12-14 04:59:58.512 [info] > git for-each-ref --format=%(refname)%00%(upstream:short)%00%(objectname)%00%(upstream:track)%00%(upstream:remotename)%00%(upstream:remoteref) refs/heads/main refs/remotes/main [1ms]
2024-12-14 04:59:58.512 [warning] [Git][getBranch] No such branch: main
2024-12-14 04:59:58.518 [info] > git for-each-ref --sort -committerdate --format %(refname) %(objectname) %(*objectname) [1ms]
2024-12-14 04:59:58.526 [info] > git status -z -uall [13ms]
2024-12-14 05:00:03.878 [info] > git config --get commit.template [3ms]
2024-12-14 05:00:03.879 [info] > git for-each-ref --format=%(refname)%00%(upstream:short)%00%(objectname)%00%(upstream:track)%00%(upstream:remotename)%00%(upstream:remoteref) refs/heads/main refs/remotes/main [1ms]
2024-12-14 05:00:03.879 [warning] [Git][getBranch] No such branch: main
2024-12-14 05:00:03.887 [info] > git for-each-ref --sort -committerdate --format %(refname) %(objectname) %(*objectname) [1ms]
2024-12-14 05:00:03.895 [info] > git status -z -uall [13ms]
2024-12-14 05:00:08.914 [info] > git config --get commit.template [4ms]
2024-12-14 05:00:08.914 [info] > git for-each-ref --format=%(refname)%00%(upstream:short)%00%(objectname)%00%(upstream:track)%00%(upstream:remotename)%00%(upstream:remoteref) refs/heads/main refs/remotes/main [1ms]
2024-12-14 05:00:08.914 [warning] [Git][getBranch] No such branch: main
2024-12-14 05:00:08.920 [info] > git for-each-ref --sort -committerdate --format %(refname) %(objectname) %(*objectname) [0ms]
2024-12-14 05:00:08.930 [info] > git status -z -uall [14ms]
2024-12-14 05:00:13.948 [info] > git config --get commit.template [4ms]
2024-12-14 05:00:13.949 [info] > git for-each-ref --format=%(refname)%00%(upstream:short)%00%(objectname)%00%(upstream:track)%00%(upstream:remotename)%00%(upstream:remoteref) refs/heads/main refs/remotes/main [1ms]
2024-12-14 05:00:13.949 [warning] [Git][getBranch] No such branch: main
2024-12-14 05:00:13.956 [info] > git for-each-ref --sort -committerdate --format %(refname) %(objectname) %(*objectname) [0ms]
2024-12-14 05:00:13.964 [info] > git status -z -uall [13ms]
2024-12-14 05:00:18.982 [info] > git config --get commit.template [3ms]
2024-12-14 05:00:18.983 [info] > git for-each-ref --format=%(refname)%00%(upstream:short)%00%(objectname)%00%(upstream:track)%00%(upstream:remotename)%00%(upstream:remoteref) refs/heads/main refs/remotes/main [2ms]
2024-12-14 05:00:18.983 [warning] [Git][getBranch] No such branch: main
2024-12-14 05:00:18.991 [info] > git for-each-ref --sort -committerdate --format %(refname) %(objectname) %(*objectname) [2ms]
2024-12-14 05:00:18.998 [info] > git status -z -uall [13ms]
2024-12-14 05:00:24.017 [info] > git config --get commit.template [3ms]
2024-12-14 05:00:24.017 [info] > git for-each-ref --format=%(refname)%00%(upstream:short)%00%(objectname)%00%(upstream:track)%00%(upstream:remotename)%00%(upstream:remoteref) refs/heads/main refs/remotes/main [0ms]
2024-12-14 05:00:24.017 [warning] [Git][getBranch] No such branch: main
2024-12-14 05:00:24.025 [info] > git for-each-ref --sort -committerdate --format %(refname) %(objectname) %(*objectname) [1ms]
2024-12-14 05:00:24.032 [info] > git status -z -uall [12ms]
2024-12-14 05:00:29.048 [info] > git config --get commit.template [0ms]
2024-12-14 05:00:29.052 [info] > git for-each-ref --format=%(refname)%00%(upstream:short)%00%(objectname)%00%(upstream:track)%00%(upstream:remotename)%00%(upstream:remoteref) refs/heads/main refs/remotes/main [1ms]
2024-12-14 05:00:29.052 [warning] [Git][getBranch] No such branch: main
2024-12-14 05:00:29.059 [info] > git for-each-ref --sort -committerdate --format %(refname) %(objectname) %(*objectname) [1ms]
2024-12-14 05:00:29.066 [info] > git status -z -uall [12ms]
2024-12-14 05:00:34.084 [info] > git config --get commit.template [3ms]
2024-12-14 05:00:34.085 [info] > git for-each-ref --format=%(refname)%00%(upstream:short)%00%(objectname)%00%(upstream:track)%00%(upstream:remotename)%00%(upstream:remoteref) refs/heads/main refs/remotes/main [1ms]
2024-12-14 05:00:34.085 [warning] [Git][getBranch] No such branch: main
2024-12-14 05:00:34.094 [info] > git for-each-ref --sort -committerdate --format %(refname) %(objectname) %(*objectname) [2ms]
2024-12-14 05:00:34.101 [info] > git status -z -uall [13ms]
2024-12-14 05:00:39.120 [info] > git config --get commit.template [0ms]
2024-12-14 05:00:39.124 [info] > git for-each-ref --format=%(refname)%00%(upstream:short)%00%(objectname)%00%(upstream:track)%00%(upstream:remotename)%00%(upstream:remoteref) refs/heads/main refs/remotes/main [1ms]
2024-12-14 05:00:39.124 [warning] [Git][getBranch] No such branch: main
2024-12-14 05:00:39.132 [info] > git for-each-ref --sort -committerdate --format %(refname) %(objectname) %(*objectname) [1ms]
2024-12-14 05:00:39.139 [info] > git status -z -uall [12ms]
2024-12-14 05:00:44.158 [info] > git config --get commit.template [2ms]
2024-12-14 05:00:44.159 [info] > git for-each-ref --format=%(refname)%00%(upstream:short)%00%(objectname)%00%(upstream:track)%00%(upstream:remotename)%00%(upstream:remoteref) refs/heads/main refs/remotes/main [1ms]
2024-12-14 05:00:44.159 [warning] [Git][getBranch] No such branch: main
2024-12-14 05:00:44.168 [info] > git for-each-ref --sort -committerdate --format %(refname) %(objectname) %(*objectname) [2ms]
2024-12-14 05:00:44.175 [info] > git status -z -uall [13ms]
2024-12-14 05:00:49.194 [info] > git config --get commit.template [4ms]
2024-12-14 05:00:49.195 [info] > git for-each-ref --format=%(refname)%00%(upstream:short)%00%(objectname)%00%(upstream:track)%00%(upstream:remotename)%00%(upstream:remoteref) refs/heads/main refs/remotes/main [1ms]
2024-12-14 05:00:49.195 [warning] [Git][getBranch] No such branch: main
2024-12-14 05:00:49.201 [info] > git for-each-ref --sort -committerdate --format %(refname) %(objectname) %(*objectname) [0ms]
2024-12-14 05:00:49.213 [info] > git status -z -uall [16ms]
2024-12-14 05:00:54.280 [info] > git config --get commit.template [3ms]
2024-12-14 05:00:54.282 [info] > git for-each-ref --format=%(refname)%00%(upstream:short)%00%(objectname)%00%(upstream:track)%00%(upstream:remotename)%00%(upstream:remoteref) refs/heads/main refs/remotes/main [3ms]
2024-12-14 05:00:54.282 [warning] [Git][getBranch] No such branch: main
2024-12-14 05:00:54.290 [info] > git for-each-ref --sort -committerdate --format %(refname) %(objectname) %(*objectname) [1ms]
2024-12-14 05:00:54.297 [info] > git status -z -uall [13ms]
2024-12-14 05:01:07.569 [info] > git config --get commit.template [2ms]
2024-12-14 05:01:07.570 [info] > git for-each-ref --format=%(refname)%00%(upstream:short)%00%(objectname)%00%(upstream:track)%00%(upstream:remotename)%00%(upstream:remoteref) refs/heads/main refs/remotes/main [2ms]
2024-12-14 05:01:07.570 [warning] [Git][getBranch] No such branch: main
2024-12-14 05:01:07.577 [info] > git for-each-ref --sort -committerdate --format %(refname) %(objectname) %(*objectname) [0ms]
2024-12-14 05:01:07.585 [info] > git status -z -uall [12ms]
2024-12-14 05:01:12.600 [info] > git config --get commit.template [0ms]
2024-12-14 05:01:12.606 [info] > git for-each-ref --format=%(refname)%00%(upstream:short)%00%(objectname)%00%(upstream:track)%00%(upstream:remotename)%00%(upstream:remoteref) refs/heads/main refs/remotes/main [2ms]
2024-12-14 05:01:12.606 [warning] [Git][getBranch] No such branch: main
2024-12-14 05:01:12.615 [info] > git for-each-ref --sort -committerdate --format %(refname) %(objectname) %(*objectname) [1ms]
2024-12-14 05:01:12.623 [info] > git status -z -uall [15ms]
2024-12-14 05:01:17.643 [info] > git config --get commit.template [3ms]
2024-12-14 05:01:17.647 [info] > git for-each-ref --format=%(refname)%00%(upstream:short)%00%(objectname)%00%(upstream:track)%00%(upstream:remotename)%00%(upstream:remoteref) refs/heads/main refs/remotes/main [1ms]
2024-12-14 05:01:17.647 [warning] [Git][getBranch] No such branch: main
2024-12-14 05:01:17.655 [info] > git for-each-ref --sort -committerdate --format %(refname) %(objectname) %(*objectname) [1ms]
2024-12-14 05:01:17.661 [info] > git status -z -uall [12ms]
2024-12-14 05:01:22.680 [info] > git config --get commit.template [3ms]
2024-12-14 05:01:22.682 [info] > git for-each-ref --format=%(refname)%00%(upstream:short)%00%(objectname)%00%(upstream:track)%00%(upstream:remotename)%00%(upstream:remoteref) refs/heads/main refs/remotes/main [3ms]
2024-12-14 05:01:22.682 [warning] [Git][getBranch] No such branch: main
2024-12-14 05:01:22.689 [info] > git for-each-ref --sort -committerdate --format %(refname) %(objectname) %(*objectname) [1ms]
2024-12-14 05:01:22.697 [info] > git status -z -uall [13ms]
2024-12-14 05:01:27.754 [info] > git config --get commit.template [3ms]
2024-12-14 05:01:27.754 [info] > git for-each-ref --format=%(refname)%00%(upstream:short)%00%(objectname)%00%(upstream:track)%00%(upstream:remotename)%00%(upstream:remoteref) refs/heads/main refs/remotes/main [1ms]
2024-12-14 05:01:27.754 [warning] [Git][getBranch] No such branch: main
2024-12-14 05:01:27.762 [info] > git for-each-ref --sort -committerdate --format %(refname) %(objectname) %(*objectname) [2ms]
2024-12-14 05:01:27.768 [info] > git status -z -uall [12ms]
2024-12-14 05:01:32.787 [info] > git config --get commit.template [3ms]
2024-12-14 05:01:32.788 [info] > git for-each-ref --format=%(refname)%00%(upstream:short)%00%(objectname)%00%(upstream:track)%00%(upstream:remotename)%00%(upstream:remoteref) refs/heads/main refs/remotes/main [1ms]
2024-12-14 05:01:32.788 [warning] [Git][getBranch] No such branch: main
2024-12-14 05:01:32.799 [info] > git for-each-ref --sort -committerdate --format %(refname) %(objectname) %(*objectname) [3ms]
2024-12-14 05:01:32.803 [info] > git status -z -uall [12ms]
2024-12-14 05:01:37.824 [info] > git config --get commit.template [3ms]
2024-12-14 05:01:37.824 [info] > git for-each-ref --format=%(refname)%00%(upstream:short)%00%(objectname)%00%(upstream:track)%00%(upstream:remotename)%00%(upstream:remoteref) refs/heads/main refs/remotes/main [1ms]
2024-12-14 05:01:37.824 [warning] [Git][getBranch] No such branch: main
2024-12-14 05:01:37.832 [info] > git for-each-ref --sort -committerdate --format %(refname) %(objectname) %(*objectname) [1ms]
2024-12-14 05:01:37.838 [info] > git status -z -uall [11ms]
2024-12-14 05:01:42.860 [info] > git config --get commit.template [4ms]
2024-12-14 05:01:42.860 [info] > git for-each-ref --format=%(refname)%00%(upstream:short)%00%(objectname)%00%(upstream:track)%00%(upstream:remotename)%00%(upstream:remoteref) refs/heads/main refs/remotes/main [1ms]
2024-12-14 05:01:42.860 [warning] [Git][getBranch] No such branch: main
2024-12-14 05:01:42.868 [info] > git for-each-ref --sort -committerdate --format %(refname) %(objectname) %(*objectname) [0ms]
2024-12-14 05:01:42.875 [info] > git status -z -uall [12ms]
2024-12-14 05:01:47.897 [info] > git config --get commit.template [3ms]
2024-12-14 05:01:47.898 [info] > git for-each-ref --format=%(refname)%00%(upstream:short)%00%(objectname)%00%(upstream:track)%00%(upstream:remotename)%00%(upstream:remoteref) refs/heads/main refs/remotes/main [1ms]
2024-12-14 05:01:47.898 [warning] [Git][getBranch] No such branch: main
2024-12-14 05:01:47.903 [info] > git for-each-ref --sort -committerdate --format %(refname) %(objectname) %(*objectname) [1ms]
2024-12-14 05:01:47.914 [info] > git status -z -uall [14ms]
2024-12-14 05:01:52.936 [info] > git config --get commit.template [5ms]
2024-12-14 05:01:52.936 [info] > git for-each-ref --format=%(refname)%00%(upstream:short)%00%(objectname)%00%(upstream:track)%00%(upstream:remotename)%00%(upstream:remoteref) refs/heads/main refs/remotes/main [1ms]
2024-12-14 05:01:52.936 [warning] [Git][getBranch] No such branch: main
2024-12-14 05:01:52.944 [info] > git for-each-ref --sort -committerdate --format %(refname) %(objectname) %(*objectname) [0ms]
2024-12-14 05:01:52.952 [info] > git status -z -uall [13ms]
2024-12-14 05:01:57.967 [info] > git config --get commit.template [1ms]
2024-12-14 05:01:57.970 [info] > git for-each-ref --format=%(refname)%00%(upstream:short)%00%(objectname)%00%(upstream:track)%00%(upstream:remotename)%00%(upstream:remoteref) refs/heads/main refs/remotes/main [1ms]
2024-12-14 05:01:57.970 [warning] [Git][getBranch] No such branch: main
2024-12-14 05:01:57.978 [info] > git for-each-ref --sort -committerdate --format %(refname) %(objectname) %(*objectname) [1ms]
2024-12-14 05:01:57.986 [info] > git status -z -uall [13ms]
2024-12-14 05:02:03.008 [info] > git config --get commit.template [4ms]
2024-12-14 05:02:03.009 [info] > git for-each-ref --format=%(refname)%00%(upstream:short)%00%(objectname)%00%(upstream:track)%00%(upstream:remotename)%00%(upstream:remoteref) refs/heads/main refs/remotes/main [1ms]
2024-12-14 05:02:03.009 [warning] [Git][getBranch] No such branch: main
2024-12-14 05:02:03.017 [info] > git for-each-ref --sort -committerdate --format %(refname) %(objectname) %(*objectname) [1ms]
2024-12-14 05:02:03.024 [info] > git status -z -uall [12ms]
2024-12-14 05:02:08.045 [info] > git config --get commit.template [5ms]
2024-12-14 05:02:08.045 [info] > git for-each-ref --format=%(refname)%00%(upstream:short)%00%(objectname)%00%(upstream:track)%00%(upstream:remotename)%00%(upstream:remoteref) refs/heads/main refs/remotes/main [0ms]
2024-12-14 05:02:08.045 [warning] [Git][getBranch] No such branch: main
2024-12-14 05:02:08.052 [info] > git for-each-ref --sort -committerdate --format %(refname) %(objectname) %(*objectname) [0ms]
2024-12-14 05:02:08.060 [info] > git status -z -uall [12ms]
2024-12-14 05:02:13.078 [info] > git config --get commit.template [3ms]
2024-12-14 05:02:13.079 [info] > git for-each-ref --format=%(refname)%00%(upstream:short)%00%(objectname)%00%(upstream:track)%00%(upstream:remotename)%00%(upstream:remoteref) refs/heads/main refs/remotes/main [1ms]
2024-12-14 05:02:13.079 [warning] [Git][getBranch] No such branch: main
2024-12-14 05:02:13.087 [info] > git for-each-ref --sort -committerdate --format %(refname) %(objectname) %(*objectname) [0ms]
2024-12-14 05:02:13.094 [info] > git status -z -uall [12ms]
2024-12-14 05:02:18.113 [info] > git config --get commit.template [3ms]
2024-12-14 05:02:18.113 [info] > git for-each-ref --format=%(refname)%00%(upstream:short)%00%(objectname)%00%(upstream:track)%00%(upstream:remotename)%00%(upstream:remoteref) refs/heads/main refs/remotes/main [0ms]
2024-12-14 05:02:18.114 [warning] [Git][getBranch] No such branch: main
2024-12-14 05:02:18.122 [info] > git for-each-ref --sort -committerdate --format %(refname) %(objectname) %(*objectname) [1ms]
2024-12-14 05:02:18.128 [info] > git status -z -uall [13ms]
2024-12-14 05:02:23.149 [info] > git config --get commit.template [5ms]
2024-12-14 05:02:23.149 [info] > git for-each-ref --format=%(refname)%00%(upstream:short)%00%(objectname)%00%(upstream:track)%00%(upstream:remotename)%00%(upstream:remoteref) refs/heads/main refs/remotes/main [1ms]
2024-12-14 05:02:23.149 [warning] [Git][getBranch] No such branch: main
2024-12-14 05:02:23.156 [info] > git for-each-ref --sort -committerdate --format %(refname) %(objectname) %(*objectname) [2ms]
2024-12-14 05:02:23.165 [info] > git status -z -uall [14ms]
2024-12-14 05:02:28.185 [info] > git for-each-ref --format=%(refname)%00%(upstream:short)%00%(objectname)%00%(upstream:track)%00%(upstream:remotename)%00%(upstream:remoteref) refs/heads/main refs/remotes/main [0ms]
2024-12-14 05:02:28.186 [warning] [Git][getBranch] No such branch: main
2024-12-14 05:02:28.186 [info] > git config --get commit.template [5ms]
2024-12-14 05:02:28.192 [info] > git for-each-ref --sort -committerdate --format %(refname) %(objectname) %(*objectname) [0ms]
2024-12-14 05:02:28.200 [info] > git status -z -uall [13ms]
2024-12-14 05:02:31.206 [info] > git show --textconv :tomcat-installer.sh [8ms]
2024-12-14 05:02:31.206 [info] > git show --textconv HEAD:tomcat-installer.sh [6ms]
2024-12-14 05:02:31.207 [info] > git ls-files --stage -- /home/ubuntu/tomcat-installer.sh [3ms]
2024-12-14 05:02:31.210 [info] > git ls-tree -l HEAD -- /home/ubuntu/tomcat-installer.sh [5ms]
2024-12-14 05:02:31.210 [info] fatal: Not a valid object name HEAD
2024-12-14 05:02:31.210 [info] > git cat-file -s 50ee49d03572668cfd60300363e7ea1e9ea725be [1ms]
2024-12-14 05:02:33.220 [info] > git config --get commit.template [1ms]
2024-12-14 05:02:33.225 [info] > git for-each-ref --format=%(refname)%00%(upstream:short)%00%(objectname)%00%(upstream:track)%00%(upstream:remotename)%00%(upstream:remoteref) refs/heads/main refs/remotes/main [1ms]
2024-12-14 05:02:33.225 [warning] [Git][getBranch] No such branch: main
2024-12-14 05:02:33.232 [info] > git for-each-ref --sort -committerdate --format %(refname) %(objectname) %(*objectname) [1ms]
2024-12-14 05:02:33.240 [info] > git status -z -uall [13ms]
2024-12-14 05:02:38.262 [info] > git config --get commit.template [3ms]
2024-12-14 05:02:38.264 [info] > git for-each-ref --format=%(refname)%00%(upstream:short)%00%(objectname)%00%(upstream:track)%00%(upstream:remotename)%00%(upstream:remoteref) refs/heads/main refs/remotes/main [2ms]
2024-12-14 05:02:38.264 [warning] [Git][getBranch] No such branch: main
2024-12-14 05:02:38.271 [info] > git for-each-ref --sort -committerdate --format %(refname) %(objectname) %(*objectname) [2ms]
2024-12-14 05:02:38.279 [info] > git status -z -uall [13ms]
2024-12-14 05:02:43.300 [info] > git config --get commit.template [4ms]
2024-12-14 05:02:43.301 [info] > git for-each-ref --format=%(refname)%00%(upstream:short)%00%(objectname)%00%(upstream:track)%00%(upstream:remotename)%00%(upstream:remoteref) refs/heads/main refs/remotes/main [2ms]
2024-12-14 05:02:43.301 [warning] [Git][getBranch] No such branch: main
2024-12-14 05:02:43.309 [info] > git for-each-ref --sort -committerdate --format %(refname) %(objectname) %(*objectname) [0ms]
2024-12-14 05:02:43.316 [info] > git status -z -uall [12ms]
2024-12-14 05:02:47.021 [info] > git show --textconv :README.md [2ms]
2024-12-14 05:02:47.023 [info] > git ls-files --stage -- /home/ubuntu/README.md [2ms]
2024-12-14 05:02:48.336 [info] > git config --get commit.template [2ms]
2024-12-14 05:02:48.338 [info] > git for-each-ref --format=%(refname)%00%(upstream:short)%00%(objectname)%00%(upstream:track)%00%(upstream:remotename)%00%(upstream:remoteref) refs/heads/main refs/remotes/main [2ms]
2024-12-14 05:02:48.338 [warning] [Git][getBranch] No such branch: main
2024-12-14 05:02:48.346 [info] > git for-each-ref --sort -committerdate --format %(refname) %(objectname) %(*objectname) [0ms]
2024-12-14 05:02:48.351 [info] > git status -z -uall [11ms]
2024-12-14 05:02:53.372 [info] > git config --get commit.template [3ms]
2024-12-14 05:02:53.373 [info] > git for-each-ref --format=%(refname)%00%(upstream:short)%00%(objectname)%00%(upstream:track)%00%(upstream:remotename)%00%(upstream:remoteref) refs/heads/main refs/remotes/main [1ms]
2024-12-14 05:02:53.373 [warning] [Git][getBranch] No such branch: main
2024-12-14 05:02:53.380 [info] > git for-each-ref --sort -committerdate --format %(refname) %(objectname) %(*objectname) [2ms]
2024-12-14 05:02:53.387 [info] > git status -z -uall [12ms]
2024-12-14 05:02:58.405 [info] > git config --get commit.template [0ms]
2024-12-14 05:02:58.409 [info] > git for-each-ref --format=%(refname)%00%(upstream:short)%00%(objectname)%00%(upstream:track)%00%(upstream:remotename)%00%(upstream:remoteref) refs/heads/main refs/remotes/main [1ms]
2024-12-14 05:02:58.409 [warning] [Git][getBranch] No such branch: main
2024-12-14 05:02:58.416 [info] > git for-each-ref --sort -committerdate --format %(refname) %(objectname) %(*objectname) [0ms]
2024-12-14 05:02:58.425 [info] > git status -z -uall [14ms]
2024-12-14 05:03:03.444 [info] > git config --get commit.template [3ms]
2024-12-14 05:03:03.444 [info] > git for-each-ref --format=%(refname)%00%(upstream:short)%00%(objectname)%00%(upstream:track)%00%(upstream:remotename)%00%(upstream:remoteref) refs/heads/main refs/remotes/main [1ms]
2024-12-14 05:03:03.444 [warning] [Git][getBranch] No such branch: main
2024-12-14 05:03:03.451 [info] > git for-each-ref --sort -committerdate --format %(refname) %(objectname) %(*objectname) [0ms]
2024-12-14 05:03:03.460 [info] > git status -z -uall [14ms]
2024-12-14 05:03:08.512 [info] > git config --get commit.template [0ms]
2024-12-14 05:03:08.516 [info] > git for-each-ref --format=%(refname)%00%(upstream:short)%00%(objectname)%00%(upstream:track)%00%(upstream:remotename)%00%(upstream:remoteref) refs/heads/main refs/remotes/main [0ms]
2024-12-14 05:03:08.516 [warning] [Git][getBranch] No such branch: main
2024-12-14 05:03:08.523 [info] > git for-each-ref --sort -committerdate --format %(refname) %(objectname) %(*objectname) [1ms]
2024-12-14 05:03:08.532 [info] > git status -z -uall [14ms]
2024-12-14 05:03:13.552 [info] > git config --get commit.template [4ms]
2024-12-14 05:03:13.552 [info] > git for-each-ref --format=%(refname)%00%(upstream:short)%00%(objectname)%00%(upstream:track)%00%(upstream:remotename)%00%(upstream:remoteref) refs/heads/main refs/remotes/main [0ms]
2024-12-14 05:03:13.553 [warning] [Git][getBranch] No such branch: main
2024-12-14 05:03:13.559 [info] > git for-each-ref --sort -committerdate --format %(refname) %(objectname) %(*objectname) [1ms]
2024-12-14 05:03:13.568 [info] > git status -z -uall [14ms]
2024-12-14 05:03:18.585 [info] > git config --get commit.template [1ms]
2024-12-14 05:03:18.588 [info] > git for-each-ref --format=%(refname)%00%(upstream:short)%00%(objectname)%00%(upstream:track)%00%(upstream:remotename)%00%(upstream:remoteref) refs/heads/main refs/remotes/main [1ms]
2024-12-14 05:03:18.588 [warning] [Git][getBranch] No such branch: main
2024-12-14 05:03:18.596 [info] > git for-each-ref --sort -committerdate --format %(refname) %(objectname) %(*objectname) [0ms]
2024-12-14 05:03:18.604 [info] > git status -z -uall [14ms]
2024-12-14 05:03:23.622 [info] > git config --get commit.template [3ms]
2024-12-14 05:03:23.623 [info] > git for-each-ref --format=%(refname)%00%(upstream:short)%00%(objectname)%00%(upstream:track)%00%(upstream:remotename)%00%(upstream:remoteref) refs/heads/main refs/remotes/main [1ms]
2024-12-14 05:03:23.623 [warning] [Git][getBranch] No such branch: main
2024-12-14 05:03:23.630 [info] > git for-each-ref --sort -committerdate --format %(refname) %(objectname) %(*objectname) [2ms]
2024-12-14 05:03:23.639 [info] > git status -z -uall [14ms]
2024-12-14 05:03:28.657 [info] > git config --get commit.template [1ms]
2024-12-14 05:03:28.661 [info] > git for-each-ref --format=%(refname)%00%(upstream:short)%00%(objectname)%00%(upstream:track)%00%(upstream:remotename)%00%(upstream:remoteref) refs/heads/main refs/remotes/main [1ms]
2024-12-14 05:03:28.661 [warning] [Git][getBranch] No such branch: main
2024-12-14 05:03:28.668 [info] > git for-each-ref --sort -committerdate --format %(refname) %(objectname) %(*objectname) [0ms]
2024-12-14 05:03:28.675 [info] > git status -z -uall [11ms]
2024-12-14 05:03:33.699 [info] > git config --get commit.template [3ms]
2024-12-14 05:03:33.700 [info] > git for-each-ref --format=%(refname)%00%(upstream:short)%00%(objectname)%00%(upstream:track)%00%(upstream:remotename)%00%(upstream:remoteref) refs/heads/main refs/remotes/main [2ms]
2024-12-14 05:03:33.700 [warning] [Git][getBranch] No such branch: main
2024-12-14 05:03:33.708 [info] > git for-each-ref --sort -committerdate --format %(refname) %(objectname) %(*objectname) [1ms]
2024-12-14 05:03:33.716 [info] > git status -z -uall [14ms]
2024-12-14 05:03:38.737 [info] > git config --get commit.template [2ms]
2024-12-14 05:03:38.741 [info] > git for-each-ref --format=%(refname)%00%(upstream:short)%00%(objectname)%00%(upstream:track)%00%(upstream:remotename)%00%(upstream:remoteref) refs/heads/main refs/remotes/main [0ms]
2024-12-14 05:03:38.741 [warning] [Git][getBranch] No such branch: main
2024-12-14 05:03:38.747 [info] > git for-each-ref --sort -committerdate --format %(refname) %(objectname) %(*objectname) [0ms]
2024-12-14 05:03:38.756 [info] > git status -z -uall [13ms]
2024-12-14 05:03:43.778 [info] > git for-each-ref --format=%(refname)%00%(upstream:short)%00%(objectname)%00%(upstream:track)%00%(upstream:remotename)%00%(upstream:remoteref) refs/heads/main refs/remotes/main [0ms]
2024-12-14 05:03:43.778 [warning] [Git][getBranch] No such branch: main
2024-12-14 05:03:43.778 [info] > git config --get commit.template [4ms]
2024-12-14 05:03:43.786 [info] > git for-each-ref --sort -committerdate --format %(refname) %(objectname) %(*objectname) [1ms]
2024-12-14 05:03:43.793 [info] > git status -z -uall [12ms]
2024-12-14 05:03:48.813 [info] > git config --get commit.template [3ms]
2024-12-14 05:03:48.813 [info] > git for-each-ref --format=%(refname)%00%(upstream:short)%00%(objectname)%00%(upstream:track)%00%(upstream:remotename)%00%(upstream:remoteref) refs/heads/main refs/remotes/main [0ms]
2024-12-14 05:03:48.814 [warning] [Git][getBranch] No such branch: main
2024-12-14 05:03:48.822 [info] > git for-each-ref --sort -committerdate --format %(refname) %(objectname) %(*objectname) [1ms]
2024-12-14 05:03:48.829 [info] > git status -z -uall [12ms]
2024-12-14 05:03:53.847 [info] > git config --get commit.template [1ms]
2024-12-14 05:03:53.851 [info] > git for-each-ref --format=%(refname)%00%(upstream:short)%00%(objectname)%00%(upstream:track)%00%(upstream:remotename)%00%(upstream:remoteref) refs/heads/main refs/remotes/main [0ms]
2024-12-14 05:03:53.851 [warning] [Git][getBranch] No such branch: main
2024-12-14 05:03:53.859 [info] > git for-each-ref --sort -committerdate --format %(refname) %(objectname) %(*objectname) [1ms]
2024-12-14 05:03:53.866 [info] > git status -z -uall [12ms]
2024-12-14 05:03:58.884 [info] > git config --get commit.template [1ms]
2024-12-14 05:03:58.887 [info] > git for-each-ref --format=%(refname)%00%(upstream:short)%00%(objectname)%00%(upstream:track)%00%(upstream:remotename)%00%(upstream:remoteref) refs/heads/main refs/remotes/main [0ms]
2024-12-14 05:03:58.888 [warning] [Git][getBranch] No such branch: main
2024-12-14 05:03:58.896 [info] > git for-each-ref --sort -committerdate --format %(refname) %(objectname) %(*objectname) [1ms]
2024-12-14 05:03:58.903 [info] > git status -z -uall [12ms]
2024-12-14 05:04:03.920 [info] > git config --get commit.template [1ms]
2024-12-14 05:04:03.924 [info] > git for-each-ref --format=%(refname)%00%(upstream:short)%00%(objectname)%00%(upstream:track)%00%(upstream:remotename)%00%(upstream:remoteref) refs/heads/main refs/remotes/main [1ms]
2024-12-14 05:04:03.924 [warning] [Git][getBranch] No such branch: main
2024-12-14 05:04:03.930 [info] > git for-each-ref --sort -committerdate --format %(refname) %(objectname) %(*objectname) [0ms]
2024-12-14 05:04:03.939 [info] > git status -z -uall [13ms]
2024-12-14 05:04:08.960 [info] > git config --get commit.template [4ms]
2024-12-14 05:04:08.961 [info] > git for-each-ref --format=%(refname)%00%(upstream:short)%00%(objectname)%00%(upstream:track)%00%(upstream:remotename)%00%(upstream:remoteref) refs/heads/main refs/remotes/main [2ms]
2024-12-14 05:04:08.961 [warning] [Git][getBranch] No such branch: main
2024-12-14 05:04:08.970 [info] > git for-each-ref --sort -committerdate --format %(refname) %(objectname) %(*objectname) [1ms]
2024-12-14 05:04:08.981 [info] > git status -z -uall [18ms]
2024-12-14 05:04:14.339 [info] > git for-each-ref --format=%(refname)%00%(upstream:short)%00%(objectname)%00%(upstream:track)%00%(upstream:remotename)%00%(upstream:remoteref) refs/heads/main refs/remotes/main [0ms]
2024-12-14 05:04:14.339 [warning] [Git][getBranch] No such branch: main
2024-12-14 05:04:14.339 [info] > git config --get commit.template [3ms]
2024-12-14 05:04:14.348 [info] > git for-each-ref --sort -committerdate --format %(refname) %(objectname) %(*objectname) [1ms]
2024-12-14 05:04:14.357 [info] > git status -z -uall [14ms]
2024-12-14 05:04:34.402 [info] > git config --get commit.template [3ms]
2024-12-14 05:04:34.402 [info] > git for-each-ref --format=%(refname)%00%(upstream:short)%00%(objectname)%00%(upstream:track)%00%(upstream:remotename)%00%(upstream:remoteref) refs/heads/main refs/remotes/main [1ms]
2024-12-14 05:04:34.402 [warning] [Git][getBranch] No such branch: main
2024-12-14 05:04:34.410 [info] > git for-each-ref --sort -committerdate --format %(refname) %(objectname) %(*objectname) [1ms]
2024-12-14 05:04:34.422 [info] > git status -z -uall [17ms]
2024-12-14 05:04:39.479 [info] > git config --get commit.template [3ms]
2024-12-14 05:04:39.479 [info] > git for-each-ref --format=%(refname)%00%(upstream:short)%00%(objectname)%00%(upstream:track)%00%(upstream:remotename)%00%(upstream:remoteref) refs/heads/main refs/remotes/main [1ms]
2024-12-14 05:04:39.479 [warning] [Git][getBranch] No such branch: main
2024-12-14 05:04:39.486 [info] > git for-each-ref --sort -committerdate --format %(refname) %(objectname) %(*objectname) [1ms]
2024-12-14 05:04:39.496 [info] > git status -z -uall [15ms]
2024-12-14 05:04:44.515 [info] > git config --get commit.template [3ms]
2024-12-14 05:04:44.516 [info] > git for-each-ref --format=%(refname)%00%(upstream:short)%00%(objectname)%00%(upstream:track)%00%(upstream:remotename)%00%(upstream:remoteref) refs/heads/main refs/remotes/main [1ms]
2024-12-14 05:04:44.516 [warning] [Git][getBranch] No such branch: main
2024-12-14 05:04:44.524 [info] > git for-each-ref --sort -committerdate --format %(refname) %(objectname) %(*objectname) [0ms]
2024-12-14 05:04:44.535 [info] > git status -z -uall [16ms]
2024-12-14 05:04:49.556 [info] > git config --get commit.template [3ms]
2024-12-14 05:04:49.557 [info] > git for-each-ref --format=%(refname)%00%(upstream:short)%00%(objectname)%00%(upstream:track)%00%(upstream:remotename)%00%(upstream:remoteref) refs/heads/main refs/remotes/main [1ms]
2024-12-14 05:04:49.557 [warning] [Git][getBranch] No such branch: main
2024-12-14 05:04:49.565 [info] > git for-each-ref --sort -committerdate --format %(refname) %(objectname) %(*objectname) [0ms]
2024-12-14 05:04:49.572 [info] > git status -z -uall [13ms]
2024-12-14 05:04:54.592 [info] > git config --get commit.template [3ms]
2024-12-14 05:04:54.593 [info] > git for-each-ref --format=%(refname)%00%(upstream:short)%00%(objectname)%00%(upstream:track)%00%(upstream:remotename)%00%(upstream:remoteref) refs/heads/main refs/remotes/main [1ms]
2024-12-14 05:04:54.593 [warning] [Git][getBranch] No such branch: main
2024-12-14 05:04:54.600 [info] > git for-each-ref --sort -committerdate --format %(refname) %(objectname) %(*objectname) [1ms]
2024-12-14 05:04:54.610 [info] > git status -z -uall [13ms]
2024-12-14 05:04:59.629 [info] > git config --get commit.template [2ms]
2024-12-14 05:04:59.629 [info] > git for-each-ref --format=%(refname)%00%(upstream:short)%00%(objectname)%00%(upstream:track)%00%(upstream:remotename)%00%(upstream:remoteref) refs/heads/main refs/remotes/main [1ms]
2024-12-14 05:04:59.629 [warning] [Git][getBranch] No such branch: main
2024-12-14 05:04:59.639 [info] > git for-each-ref --sort -committerdate --format %(refname) %(objectname) %(*objectname) [5ms]
2024-12-14 05:04:59.644 [info] > git status -z -uall [13ms]
2024-12-14 05:05:04.660 [info] > git config --get commit.template [1ms]
2024-12-14 05:05:04.663 [info] > git for-each-ref --format=%(refname)%00%(upstream:short)%00%(objectname)%00%(upstream:track)%00%(upstream:remotename)%00%(upstream:remoteref) refs/heads/main refs/remotes/main [1ms]
2024-12-14 05:05:04.663 [warning] [Git][getBranch] No such branch: main
2024-12-14 05:05:04.671 [info] > git for-each-ref --sort -committerdate --format %(refname) %(objectname) %(*objectname) [2ms]
2024-12-14 05:05:04.678 [info] > git status -z -uall [12ms]
2024-12-14 05:05:09.700 [info] > git config --get commit.template [3ms]
2024-12-14 05:05:09.701 [info] > git for-each-ref --format=%(refname)%00%(upstream:short)%00%(objectname)%00%(upstream:track)%00%(upstream:remotename)%00%(upstream:remoteref) refs/heads/main refs/remotes/main [1ms]
2024-12-14 05:05:09.701 [warning] [Git][getBranch] No such branch: main
2024-12-14 05:05:09.711 [info] > git for-each-ref --sort -committerdate --format %(refname) %(objectname) %(*objectname) [1ms]
2024-12-14 05:05:09.718 [info] > git status -z -uall [15ms]
2024-12-14 05:05:14.736 [info] > git config --get commit.template [0ms]
2024-12-14 05:05:14.740 [info] > git for-each-ref --format=%(refname)%00%(upstream:short)%00%(objectname)%00%(upstream:track)%00%(upstream:remotename)%00%(upstream:remoteref) refs/heads/main refs/remotes/main [2ms]
2024-12-14 05:05:14.740 [warning] [Git][getBranch] No such branch: main
2024-12-14 05:05:14.747 [info] > git for-each-ref --sort -committerdate --format %(refname) %(objectname) %(*objectname) [0ms]
2024-12-14 05:05:14.755 [info] > git status -z -uall [13ms]
2024-12-14 05:05:19.774 [info] > git config --get commit.template [4ms]
2024-12-14 05:05:19.775 [info] > git for-each-ref --format=%(refname)%00%(upstream:short)%00%(objectname)%00%(upstream:track)%00%(upstream:remotename)%00%(upstream:remoteref) refs/heads/main refs/remotes/main [2ms]
2024-12-14 05:05:19.775 [warning] [Git][getBranch] No such branch: main
2024-12-14 05:05:19.782 [info] > git for-each-ref --sort -committerdate --format %(refname) %(objectname) %(*objectname) [1ms]
2024-12-14 05:05:19.790 [info] > git status -z -uall [13ms]
2024-12-14 05:05:26.002 [info] > git config --get commit.template [3ms]
2024-12-14 05:05:26.003 [info] > git for-each-ref --format=%(refname)%00%(upstream:short)%00%(objectname)%00%(upstream:track)%00%(upstream:remotename)%00%(upstream:remoteref) refs/heads/main refs/remotes/main [1ms]
2024-12-14 05:05:26.003 [warning] [Git][getBranch] No such branch: main
2024-12-14 05:05:26.010 [info] > git for-each-ref --sort -committerdate --format %(refname) %(objectname) %(*objectname) [1ms]
2024-12-14 05:05:26.017 [info] > git status -z -uall [12ms]
2024-12-14 05:05:31.037 [info] > git config --get commit.template [3ms]
2024-12-14 05:05:31.037 [info] > git for-each-ref --format=%(refname)%00%(upstream:short)%00%(objectname)%00%(upstream:track)%00%(upstream:remotename)%00%(upstream:remoteref) refs/heads/main refs/remotes/main [0ms]
2024-12-14 05:05:31.037 [warning] [Git][getBranch] No such branch: main
2024-12-14 05:05:31.044 [info] > git for-each-ref --sort -committerdate --format %(refname) %(objectname) %(*objectname) [1ms]
2024-12-14 05:05:31.051 [info] > git status -z -uall [12ms]
2024-12-14 05:05:38.173 [info] > git config --get commit.template [3ms]
2024-12-14 05:05:38.173 [info] > git for-each-ref --format=%(refname)%00%(upstream:short)%00%(objectname)%00%(upstream:track)%00%(upstream:remotename)%00%(upstream:remoteref) refs/heads/main refs/remotes/main [0ms]
2024-12-14 05:05:38.173 [warning] [Git][getBranch] No such branch: main
2024-12-14 05:05:38.181 [info] > git for-each-ref --sort -committerdate --format %(refname) %(objectname) %(*objectname) [0ms]
2024-12-14 05:05:38.188 [info] > git status -z -uall [12ms]
2024-12-14 05:05:43.206 [info] > git config --get commit.template [3ms]
2024-12-14 05:05:43.206 [info] > git for-each-ref --format=%(refname)%00%(upstream:short)%00%(objectname)%00%(upstream:track)%00%(upstream:remotename)%00%(upstream:remoteref) refs/heads/main refs/remotes/main [1ms]
2024-12-14 05:05:43.206 [warning] [Git][getBranch] No such branch: main
2024-12-14 05:05:43.214 [info] > git for-each-ref --sort -committerdate --format %(refname) %(objectname) %(*objectname) [1ms]
2024-12-14 05:05:43.223 [info] > git status -z -uall [14ms]
2024-12-14 05:05:48.239 [info] > git config --get commit.template [1ms]
2024-12-14 05:05:48.243 [info] > git for-each-ref --format=%(refname)%00%(upstream:short)%00%(objectname)%00%(upstream:track)%00%(upstream:remotename)%00%(upstream:remoteref) refs/heads/main refs/remotes/main [1ms]
2024-12-14 05:05:48.243 [warning] [Git][getBranch] No such branch: main
2024-12-14 05:05:48.250 [info] > git for-each-ref --sort -committerdate --format %(refname) %(objectname) %(*objectname) [1ms]
2024-12-14 05:05:48.257 [info] > git status -z -uall [12ms]
2024-12-14 05:05:53.277 [info] > git config --get commit.template [4ms]
2024-12-14 05:05:53.278 [info] > git for-each-ref --format=%(refname)%00%(upstream:short)%00%(objectname)%00%(upstream:track)%00%(upstream:remotename)%00%(upstream:remoteref) refs/heads/main refs/remotes/main [1ms]
2024-12-14 05:05:53.278 [warning] [Git][getBranch] No such branch: main
2024-12-14 05:05:53.285 [info] > git for-each-ref --sort -committerdate --format %(refname) %(objectname) %(*objectname) [1ms]
2024-12-14 05:05:53.292 [info] > git status -z -uall [12ms]
2024-12-14 05:05:58.311 [info] > git config --get commit.template [3ms]
2024-12-14 05:05:58.312 [info] > git for-each-ref --format=%(refname)%00%(upstream:short)%00%(objectname)%00%(upstream:track)%00%(upstream:remotename)%00%(upstream:remoteref) refs/heads/main refs/remotes/main [1ms]
2024-12-14 05:05:58.312 [warning] [Git][getBranch] No such branch: main
2024-12-14 05:05:58.319 [info] > git for-each-ref --sort -committerdate --format %(refname) %(objectname) %(*objectname) [1ms]
2024-12-14 05:05:58.327 [info] > git status -z -uall [13ms]
2024-12-14 05:06:03.348 [info] > git config --get commit.template [3ms]
2024-12-14 05:06:03.348 [info] > git for-each-ref --format=%(refname)%00%(upstream:short)%00%(objectname)%00%(upstream:track)%00%(upstream:remotename)%00%(upstream:remoteref) refs/heads/main refs/remotes/main [1ms]
2024-12-14 05:06:03.348 [warning] [Git][getBranch] No such branch: main
2024-12-14 05:06:03.356 [info] > git for-each-ref --sort -committerdate --format %(refname) %(objectname) %(*objectname) [1ms]
2024-12-14 05:06:03.366 [info] > git status -z -uall [15ms]
2024-12-14 05:06:08.420 [info] > git config --get commit.template [3ms]
2024-12-14 05:06:08.421 [info] > git for-each-ref --format=%(refname)%00%(upstream:short)%00%(objectname)%00%(upstream:track)%00%(upstream:remotename)%00%(upstream:remoteref) refs/heads/main refs/remotes/main [1ms]
2024-12-14 05:06:08.421 [warning] [Git][getBranch] No such branch: main
2024-12-14 05:06:08.428 [info] > git for-each-ref --sort -committerdate --format %(refname) %(objectname) %(*objectname) [0ms]
2024-12-14 05:06:08.435 [info] > git status -z -uall [12ms]
2024-12-14 05:06:13.453 [info] > git config --get commit.template [0ms]
2024-12-14 05:06:13.456 [info] > git for-each-ref --format=%(refname)%00%(upstream:short)%00%(objectname)%00%(upstream:track)%00%(upstream:remotename)%00%(upstream:remoteref) refs/heads/main refs/remotes/main [1ms]
2024-12-14 05:06:13.456 [warning] [Git][getBranch] No such branch: main
2024-12-14 05:06:13.463 [info] > git for-each-ref --sort -committerdate --format %(refname) %(objectname) %(*objectname) [0ms]
2024-12-14 05:06:13.470 [info] > git status -z -uall [12ms]
2024-12-14 05:06:16.338 [info] > git ls-files --stage -- /home/ubuntu/README.md [2ms]
2024-12-14 05:06:16.420 [info] > git show --textconv :README.md [1ms]
